2025-06-19 09:53:47,215 27220 DEBUG ? odoo.netsvc: logger level set: "odoo.http.rpc.request:INFO" 
2025-06-19 09:53:47,215 27220 DEBUG ? odoo.netsvc: logger level set: "odoo.http.rpc.response:INFO" 
2025-06-19 09:53:47,216 27220 DEBUG ? odoo.netsvc: logger level set: ":INFO" 
2025-06-19 09:53:47,216 27220 DEBUG ? odoo.netsvc: logger level set: "odoo:DEBUG" 
2025-06-19 09:53:47,216 27220 DEBUG ? odoo.netsvc: logger level set: "odoo.sql_db:INFO" 
2025-06-19 09:53:47,216 27220 DEBUG ? odoo.netsvc: logger level set: ":INFO" 
2025-06-19 09:53:47,216 27220 INFO ? odoo: Odoo version 17.0+e-20231119 
2025-06-19 09:53:47,216 27220 INFO ? odoo: Using configuration file at C:\Users\hp\OneDrive\Documents\odoo-final-project\odoo.cfg 
2025-06-19 09:53:47,227 27220 INFO ? odoo: addons paths: ['C:\\Users\\hp\\OneDrive\\Documents\\odoo-final-project\\src\\odoo\\odoo\\addons', 'c:\\users\\hp\\appdata\\local\\odoo\\addons\\17.0', 'c:\\users\\hp\\onedrive\\documents\\odoo-final-project\\local', 'c:\\users\\hp\\onedrive\\documents\\odoo-final-project\\src\\odoo\\addons', 'c:\\users\\hp\\onedrive\\documents\\odoo-final-project\\src\\odoo\\odoo\\addons'] 
2025-06-19 09:53:47,227 27220 INFO ? odoo: database: odoo@localhost:5432 
2025-06-19 09:53:47,394 27220 INFO ? odoo.addons.base.models.ir_actions_report: Will use the Wkhtmltopdf binary at C:\Program Files\wkhtmltopdf\bin\wkhtmltopdf.exe 
2025-06-19 09:53:47,660 27220 WARNING ? odoo.service.server: 'watchdog' module not installed. Code autoreload feature is disabled 
2025-06-19 09:53:47,660 27220 DEBUG ? odoo.service.server: Setting signal handlers 
2025-06-19 09:53:47,663 27220 INFO ? odoo.service.server: HTTP service (werkzeug) running on My-ZBook.lan:8069 
2025-06-19 09:53:47,707 27220 DEBUG ? odoo.modules.registry: Multiprocess load registry signaling: [Registry: 24] [Cache default: 6] [Cache assets: 2] [Cache templates: 3] [Cache routing: 1] 
2025-06-19 09:53:47,713 27220 INFO thanhdz odoo.modules.loading: loading 1 modules... 
2025-06-19 09:53:47,715 27220 DEBUG thanhdz odoo.modules.loading: Loading module base (1/1) 
2025-06-19 09:53:47,718 27220 DEBUG thanhdz odoo.modules.loading: Module base loaded in 0.00s, 0 queries 
2025-06-19 09:53:47,718 27220 INFO thanhdz odoo.modules.loading: 1 modules loaded in 0.00s, 0 queries (+0 extra) 
2025-06-19 09:53:47,732 27220 INFO thanhdz odoo.modules.loading: updating modules list 
2025-06-19 09:53:47,735 27220 INFO thanhdz odoo.addons.base.models.ir_module: ALLOW access to module.update_list on [] to user __system__ #1 via n/a 
2025-06-19 09:53:48,404 27220 DEBUG ? odoo.http: HTTP sessions stored in: c:\users\hp\appdata\local\odoo\sessions 
2025-06-19 09:53:48,544 27220 WARNING thanhdz odoo.modules.module: Missing `license` key in manifest for 'garment_production', defaulting to LGPL-3 
2025-06-19 09:53:49,767 27220 DEBUG thanhdz odoo.addons.base.models.ir_module: Error when trying to fetch information for module garment_authorization 
Traceback (most recent call last):
  File "C:\Users\hp\OneDrive\Documents\odoo-final-project\src\odoo\odoo\addons\base\models\ir_module.py", line 154, in get_module_info
    return modules.get_manifest(name)
           ^^^^^^^^^^^^^^^^^^^^^^^^^^
  File "C:\Users\hp\OneDrive\Documents\odoo-final-project\src\odoo\odoo\modules\module.py", line 368, in get_manifest
    return load_manifest(module, mod_path)
           ^^^^^^^^^^^^^^^^^^^^^^^^^^^^^^^
  File "C:\Users\hp\OneDrive\Documents\odoo-final-project\src\odoo\odoo\modules\module.py", line 318, in load_manifest
    manifest.update(ast.literal_eval(f.read()))
                    ^^^^^^^^^^^^^^^^^^^^^^^^^^
  File "C:\Users\hp\OneDrive\Documents\odoo-final-project\src\odoo\odoo\tools\_monkeypatches.py", line 65, in literal_eval
    return orig_literal_eval(expr)
           ^^^^^^^^^^^^^^^^^^^^^^^
  File "C:\Users\hp\AppData\Local\Programs\Python\Python311\Lib\ast.py", line 64, in literal_eval
    node_or_string = parse(node_or_string.lstrip(" \t"), mode='eval')
                     ^^^^^^^^^^^^^^^^^^^^^^^^^^^^^^^^^^^^^^^^^^^^^^^^
  File "C:\Users\hp\AppData\Local\Programs\Python\Python311\Lib\ast.py", line 50, in parse
    return compile(source, filename, mode, flags,
           ^^^^^^^^^^^^^^^^^^^^^^^^^^^^^^^^^^^^^^
  File "<unknown>", line 16
    "application": True,
IndentationError: unexpected indent
2025-06-19 09:53:49,902 27220 INFO thanhdz odoo.addons.base.models.ir_module: ALLOW access to module.button_upgrade on ['Garment Production Management'] to user __system__ #1 via n/a 
2025-06-19 09:53:49,902 27220 INFO thanhdz odoo.addons.base.models.ir_module: ALLOW access to module.update_list on ['Garment Production Management'] to user __system__ #1 via n/a 
2025-06-19 09:53:50,802 27220 DEBUG thanhdz odoo.addons.base.models.ir_module: Error when trying to fetch information for module garment_authorization 
Traceback (most recent call last):
  File "C:\Users\hp\OneDrive\Documents\odoo-final-project\src\odoo\odoo\addons\base\models\ir_module.py", line 154, in get_module_info
    return modules.get_manifest(name)
           ^^^^^^^^^^^^^^^^^^^^^^^^^^
  File "C:\Users\hp\OneDrive\Documents\odoo-final-project\src\odoo\odoo\modules\module.py", line 368, in get_manifest
    return load_manifest(module, mod_path)
           ^^^^^^^^^^^^^^^^^^^^^^^^^^^^^^^
  File "C:\Users\hp\OneDrive\Documents\odoo-final-project\src\odoo\odoo\modules\module.py", line 318, in load_manifest
    manifest.update(ast.literal_eval(f.read()))
                    ^^^^^^^^^^^^^^^^^^^^^^^^^^
  File "C:\Users\hp\OneDrive\Documents\odoo-final-project\src\odoo\odoo\tools\_monkeypatches.py", line 65, in literal_eval
    return orig_literal_eval(expr)
           ^^^^^^^^^^^^^^^^^^^^^^^
  File "C:\Users\hp\AppData\Local\Programs\Python\Python311\Lib\ast.py", line 64, in literal_eval
    node_or_string = parse(node_or_string.lstrip(" \t"), mode='eval')
                     ^^^^^^^^^^^^^^^^^^^^^^^^^^^^^^^^^^^^^^^^^^^^^^^^
  File "C:\Users\hp\AppData\Local\Programs\Python\Python311\Lib\ast.py", line 50, in parse
    return compile(source, filename, mode, flags,
           ^^^^^^^^^^^^^^^^^^^^^^^^^^^^^^^^^^^^^^
  File "<unknown>", line 16
    "application": True,
IndentationError: unexpected indent
2025-06-19 09:53:50,839 27220 INFO thanhdz odoo.addons.base.models.ir_module: ALLOW access to module.button_install on [] to user __system__ #1 via n/a 
2025-06-19 09:53:50,849 27220 DEBUG thanhdz odoo.tools.translate: no translation language detected, skipping translation for "'Install'"  
2025-06-19 09:53:50,850 27220 DEBUG thanhdz odoo.tools.translate: no translation language detected, skipping translation for "'Apply Schedule Upgrade'"  
2025-06-19 09:53:50,867 27220 WARNING thanhdz odoo.modules.loading: Transient module states were reset 
2025-06-19 09:53:50,867 27220 ERROR thanhdz odoo.modules.registry: Failed to load registry 
Traceback (most recent call last):
  File "C:\Users\hp\OneDrive\Documents\odoo-final-project\src\odoo\odoo\modules\registry.py", line 113, in new
    odoo.modules.load_modules(registry, force_demo, status, update_module)
  File "C:\Users\hp\OneDrive\Documents\odoo-final-project\src\odoo\odoo\modules\loading.py", line 476, in load_modules
    processed_modules += load_marked_modules(env, graph,
                         ^^^^^^^^^^^^^^^^^^^^^^^^^^^^^^^
  File "C:\Users\hp\OneDrive\Documents\odoo-final-project\src\odoo\odoo\modules\loading.py", line 362, in load_marked_modules
    graph.add_modules(env.cr, module_list, force)
  File "C:\Users\hp\OneDrive\Documents\odoo-final-project\src\odoo\odoo\modules\graph.py", line 61, in add_modules
    info = odoo.modules.module.get_manifest(module)
           ^^^^^^^^^^^^^^^^^^^^^^^^^^^^^^^^^^^^^^^^
  File "C:\Users\hp\OneDrive\Documents\odoo-final-project\src\odoo\odoo\modules\module.py", line 368, in get_manifest
    return load_manifest(module, mod_path)
           ^^^^^^^^^^^^^^^^^^^^^^^^^^^^^^^
  File "C:\Users\hp\OneDrive\Documents\odoo-final-project\src\odoo\odoo\modules\module.py", line 318, in load_manifest
    manifest.update(ast.literal_eval(f.read()))
                    ^^^^^^^^^^^^^^^^^^^^^^^^^^
  File "C:\Users\hp\OneDrive\Documents\odoo-final-project\src\odoo\odoo\tools\_monkeypatches.py", line 65, in literal_eval
    return orig_literal_eval(expr)
           ^^^^^^^^^^^^^^^^^^^^^^^
  File "C:\Users\hp\AppData\Local\Programs\Python\Python311\Lib\ast.py", line 64, in literal_eval
    node_or_string = parse(node_or_string.lstrip(" \t"), mode='eval')
                     ^^^^^^^^^^^^^^^^^^^^^^^^^^^^^^^^^^^^^^^^^^^^^^^^
  File "C:\Users\hp\AppData\Local\Programs\Python\Python311\Lib\ast.py", line 50, in parse
    return compile(source, filename, mode, flags,
           ^^^^^^^^^^^^^^^^^^^^^^^^^^^^^^^^^^^^^^
  File "<unknown>", line 16
    "application": True,
IndentationError: unexpected indent
2025-06-19 09:53:50,879 27220 CRITICAL thanhdz odoo.service.server: Failed to initialize database `thanhdz`. 
Traceback (most recent call last):
  File "C:\Users\hp\OneDrive\Documents\odoo-final-project\src\odoo\odoo\service\server.py", line 1302, in preload_registries
    registry = Registry.new(dbname, update_module=update_module)
               ^^^^^^^^^^^^^^^^^^^^^^^^^^^^^^^^^^^^^^^^^^^^^^^^^
  File "C:\Users\hp\OneDrive\Documents\odoo-final-project\.venv\Lib\site-packages\decorator.py", line 232, in fun
    return caller(func, *(extras + args), **kw)
           ^^^^^^^^^^^^^^^^^^^^^^^^^^^^^^^^^^^^
  File "C:\Users\hp\OneDrive\Documents\odoo-final-project\src\odoo\odoo\tools\func.py", line 87, in locked
    return func(inst, *args, **kwargs)
           ^^^^^^^^^^^^^^^^^^^^^^^^^^^
  File "C:\Users\hp\OneDrive\Documents\odoo-final-project\src\odoo\odoo\modules\registry.py", line 113, in new
    odoo.modules.load_modules(registry, force_demo, status, update_module)
  File "C:\Users\hp\OneDrive\Documents\odoo-final-project\src\odoo\odoo\modules\loading.py", line 476, in load_modules
    processed_modules += load_marked_modules(env, graph,
                         ^^^^^^^^^^^^^^^^^^^^^^^^^^^^^^^
  File "C:\Users\hp\OneDrive\Documents\odoo-final-project\src\odoo\odoo\modules\loading.py", line 362, in load_marked_modules
    graph.add_modules(env.cr, module_list, force)
  File "C:\Users\hp\OneDrive\Documents\odoo-final-project\src\odoo\odoo\modules\graph.py", line 61, in add_modules
    info = odoo.modules.module.get_manifest(module)
           ^^^^^^^^^^^^^^^^^^^^^^^^^^^^^^^^^^^^^^^^
  File "C:\Users\hp\OneDrive\Documents\odoo-final-project\src\odoo\odoo\modules\module.py", line 368, in get_manifest
    return load_manifest(module, mod_path)
           ^^^^^^^^^^^^^^^^^^^^^^^^^^^^^^^
  File "C:\Users\hp\OneDrive\Documents\odoo-final-project\src\odoo\odoo\modules\module.py", line 318, in load_manifest
    manifest.update(ast.literal_eval(f.read()))
                    ^^^^^^^^^^^^^^^^^^^^^^^^^^
  File "C:\Users\hp\OneDrive\Documents\odoo-final-project\src\odoo\odoo\tools\_monkeypatches.py", line 65, in literal_eval
    return orig_literal_eval(expr)
           ^^^^^^^^^^^^^^^^^^^^^^^
  File "C:\Users\hp\AppData\Local\Programs\Python\Python311\Lib\ast.py", line 64, in literal_eval
    node_or_string = parse(node_or_string.lstrip(" \t"), mode='eval')
                     ^^^^^^^^^^^^^^^^^^^^^^^^^^^^^^^^^^^^^^^^^^^^^^^^
  File "C:\Users\hp\AppData\Local\Programs\Python\Python311\Lib\ast.py", line 50, in parse
    return compile(source, filename, mode, flags,
           ^^^^^^^^^^^^^^^^^^^^^^^^^^^^^^^^^^^^^^
  File "<unknown>", line 16
    "application": True,
IndentationError: unexpected indent
2025-06-19 09:53:50,883 27220 DEBUG thanhdz odoo.service.server: cron0 started! 
2025-06-19 09:53:50,884 27220 DEBUG thanhdz odoo.service.server: cron1 started! 
2025-06-19 09:53:50,994 27220 DEBUG ? odoo.modules.registry: Multiprocess load registry signaling: [Registry: 14] [Cache default: 47] [Cache assets: 1] [Cache templates: 5] [Cache routing: 1] 
2025-06-19 09:53:50,998 27220 INFO chienngu odoo.modules.loading: loading 1 modules... 
2025-06-19 09:53:50,999 27220 DEBUG chienngu odoo.modules.loading: Loading module base (1/1) 
2025-06-19 09:53:51,039 27220 DEBUG chienngu odoo.modules.loading: Module base loaded in 0.04s, 0 queries 
2025-06-19 09:53:51,039 27220 INFO chienngu odoo.modules.loading: 1 modules loaded in 0.04s, 0 queries (+0 extra) 
2025-06-19 09:53:51,044 27220 WARNING chienngu odoo.modules.loading: Transient module states were reset 
2025-06-19 09:53:51,044 27220 ERROR chienngu odoo.modules.registry: Failed to load registry 
Traceback (most recent call last):
  File "C:\Users\hp\OneDrive\Documents\odoo-final-project\src\odoo\odoo\modules\registry.py", line 87, in __new__
    return cls.registries[db_name]
           ~~~~~~~~~~~~~~^^^^^^^^^
  File "C:\Users\hp\OneDrive\Documents\odoo-final-project\.venv\Lib\site-packages\decorator.py", line 232, in fun
    return caller(func, *(extras + args), **kw)
           ^^^^^^^^^^^^^^^^^^^^^^^^^^^^^^^^^^^^
  File "C:\Users\hp\OneDrive\Documents\odoo-final-project\src\odoo\odoo\tools\func.py", line 87, in locked
    return func(inst, *args, **kwargs)
           ^^^^^^^^^^^^^^^^^^^^^^^^^^^
  File "C:\Users\hp\OneDrive\Documents\odoo-final-project\src\odoo\odoo\tools\lru.py", line 34, in __getitem__
    a = self.d[obj]
        ~~~~~~^^^^^
KeyError: 'chienngu'

During handling of the above exception, another exception occurred:

Traceback (most recent call last):
  File "C:\Users\hp\OneDrive\Documents\odoo-final-project\src\odoo\odoo\modules\registry.py", line 113, in new
    odoo.modules.load_modules(registry, force_demo, status, update_module)
  File "C:\Users\hp\OneDrive\Documents\odoo-final-project\src\odoo\odoo\modules\loading.py", line 476, in load_modules
    processed_modules += load_marked_modules(env, graph,
                         ^^^^^^^^^^^^^^^^^^^^^^^^^^^^^^^
  File "C:\Users\hp\OneDrive\Documents\odoo-final-project\src\odoo\odoo\modules\loading.py", line 362, in load_marked_modules
    graph.add_modules(env.cr, module_list, force)
  File "C:\Users\hp\OneDrive\Documents\odoo-final-project\src\odoo\odoo\modules\graph.py", line 61, in add_modules
    info = odoo.modules.module.get_manifest(module)
           ^^^^^^^^^^^^^^^^^^^^^^^^^^^^^^^^^^^^^^^^
  File "C:\Users\hp\OneDrive\Documents\odoo-final-project\src\odoo\odoo\modules\module.py", line 368, in get_manifest
    return load_manifest(module, mod_path)
           ^^^^^^^^^^^^^^^^^^^^^^^^^^^^^^^
  File "C:\Users\hp\OneDrive\Documents\odoo-final-project\src\odoo\odoo\modules\module.py", line 318, in load_manifest
    manifest.update(ast.literal_eval(f.read()))
                    ^^^^^^^^^^^^^^^^^^^^^^^^^^
  File "C:\Users\hp\OneDrive\Documents\odoo-final-project\src\odoo\odoo\tools\_monkeypatches.py", line 65, in literal_eval
    return orig_literal_eval(expr)
           ^^^^^^^^^^^^^^^^^^^^^^^
  File "C:\Users\hp\AppData\Local\Programs\Python\Python311\Lib\ast.py", line 64, in literal_eval
    node_or_string = parse(node_or_string.lstrip(" \t"), mode='eval')
                     ^^^^^^^^^^^^^^^^^^^^^^^^^^^^^^^^^^^^^^^^^^^^^^^^
  File "C:\Users\hp\AppData\Local\Programs\Python\Python311\Lib\ast.py", line 50, in parse
    return compile(source, filename, mode, flags,
           ^^^^^^^^^^^^^^^^^^^^^^^^^^^^^^^^^^^^^^
  File "<unknown>", line 16
    "application": True,
IndentationError: unexpected indent
2025-06-19 09:53:51,045 27220 ERROR chienngu odoo.http: Exception during request handling. 
Traceback (most recent call last):
  File "C:\Users\hp\OneDrive\Documents\odoo-final-project\src\odoo\odoo\modules\registry.py", line 87, in __new__
    return cls.registries[db_name]
           ~~~~~~~~~~~~~~^^^^^^^^^
  File "C:\Users\hp\OneDrive\Documents\odoo-final-project\.venv\Lib\site-packages\decorator.py", line 232, in fun
    return caller(func, *(extras + args), **kw)
           ^^^^^^^^^^^^^^^^^^^^^^^^^^^^^^^^^^^^
  File "C:\Users\hp\OneDrive\Documents\odoo-final-project\src\odoo\odoo\tools\func.py", line 87, in locked
    return func(inst, *args, **kwargs)
           ^^^^^^^^^^^^^^^^^^^^^^^^^^^
  File "C:\Users\hp\OneDrive\Documents\odoo-final-project\src\odoo\odoo\tools\lru.py", line 34, in __getitem__
    a = self.d[obj]
        ~~~~~~^^^^^
KeyError: 'chienngu'

During handling of the above exception, another exception occurred:

Traceback (most recent call last):
  File "C:\Users\hp\OneDrive\Documents\odoo-final-project\src\odoo\odoo\http.py", line 2157, in __call__
    response = request._serve_db()
               ^^^^^^^^^^^^^^^^^^^
  File "C:\Users\hp\OneDrive\Documents\odoo-final-project\src\odoo\odoo\http.py", line 1711, in _serve_db
    self.registry = Registry(self.db).check_signaling()
                    ^^^^^^^^^^^^^^^^^
  File "C:\Users\hp\OneDrive\Documents\odoo-final-project\src\odoo\odoo\modules\registry.py", line 89, in __new__
    return cls.new(db_name)
           ^^^^^^^^^^^^^^^^
  File "C:\Users\hp\OneDrive\Documents\odoo-final-project\.venv\Lib\site-packages\decorator.py", line 232, in fun
    return caller(func, *(extras + args), **kw)
           ^^^^^^^^^^^^^^^^^^^^^^^^^^^^^^^^^^^^
  File "C:\Users\hp\OneDrive\Documents\odoo-final-project\src\odoo\odoo\tools\func.py", line 87, in locked
    return func(inst, *args, **kwargs)
           ^^^^^^^^^^^^^^^^^^^^^^^^^^^
  File "C:\Users\hp\OneDrive\Documents\odoo-final-project\src\odoo\odoo\modules\registry.py", line 113, in new
    odoo.modules.load_modules(registry, force_demo, status, update_module)
  File "C:\Users\hp\OneDrive\Documents\odoo-final-project\src\odoo\odoo\modules\loading.py", line 476, in load_modules
    processed_modules += load_marked_modules(env, graph,
                         ^^^^^^^^^^^^^^^^^^^^^^^^^^^^^^^
  File "C:\Users\hp\OneDrive\Documents\odoo-final-project\src\odoo\odoo\modules\loading.py", line 362, in load_marked_modules
    graph.add_modules(env.cr, module_list, force)
  File "C:\Users\hp\OneDrive\Documents\odoo-final-project\src\odoo\odoo\modules\graph.py", line 61, in add_modules
    info = odoo.modules.module.get_manifest(module)
           ^^^^^^^^^^^^^^^^^^^^^^^^^^^^^^^^^^^^^^^^
  File "C:\Users\hp\OneDrive\Documents\odoo-final-project\src\odoo\odoo\modules\module.py", line 368, in get_manifest
    return load_manifest(module, mod_path)
           ^^^^^^^^^^^^^^^^^^^^^^^^^^^^^^^
  File "C:\Users\hp\OneDrive\Documents\odoo-final-project\src\odoo\odoo\modules\module.py", line 318, in load_manifest
    manifest.update(ast.literal_eval(f.read()))
                    ^^^^^^^^^^^^^^^^^^^^^^^^^^
  File "C:\Users\hp\OneDrive\Documents\odoo-final-project\src\odoo\odoo\tools\_monkeypatches.py", line 65, in literal_eval
    return orig_literal_eval(expr)
           ^^^^^^^^^^^^^^^^^^^^^^^
  File "C:\Users\hp\AppData\Local\Programs\Python\Python311\Lib\ast.py", line 64, in literal_eval
    node_or_string = parse(node_or_string.lstrip(" \t"), mode='eval')
                     ^^^^^^^^^^^^^^^^^^^^^^^^^^^^^^^^^^^^^^^^^^^^^^^^
  File "C:\Users\hp\AppData\Local\Programs\Python\Python311\Lib\ast.py", line 50, in parse
    return compile(source, filename, mode, flags,
           ^^^^^^^^^^^^^^^^^^^^^^^^^^^^^^^^^^^^^^
  File "<unknown>", line 16
    "application": True,
IndentationError: unexpected indent
2025-06-19 09:53:51,047 27220 INFO chienngu werkzeug: 127.0.0.1 - - [19/Jun/2025 09:53:51] "GET /web HTTP/1.1" 500 - 11 0.014 2.629
2025-06-19 09:53:51,048 27220 DEBUG ? odoo.modules.registry: Multiprocess load registry signaling: [Registry: 14] [Cache default: 47] [Cache assets: 1] [Cache templates: 5] [Cache routing: 1] 
2025-06-19 09:53:51,049 27220 INFO chienngu odoo.modules.loading: loading 1 modules... 
2025-06-19 09:53:51,049 27220 DEBUG chienngu odoo.modules.loading: Loading module base (1/1) 
2025-06-19 09:53:51,053 27220 DEBUG chienngu odoo.modules.loading: Module base loaded in 0.00s, 0 queries 
2025-06-19 09:53:51,053 27220 INFO chienngu odoo.modules.loading: 1 modules loaded in 0.00s, 0 queries (+0 extra) 
2025-06-19 09:53:51,055 27220 WARNING chienngu odoo.modules.loading: Transient module states were reset 
2025-06-19 09:53:51,055 27220 ERROR chienngu odoo.modules.registry: Failed to load registry 
Traceback (most recent call last):
  File "C:\Users\hp\OneDrive\Documents\odoo-final-project\src\odoo\odoo\modules\registry.py", line 87, in __new__
    return cls.registries[db_name]
           ~~~~~~~~~~~~~~^^^^^^^^^
  File "C:\Users\hp\OneDrive\Documents\odoo-final-project\.venv\Lib\site-packages\decorator.py", line 232, in fun
    return caller(func, *(extras + args), **kw)
           ^^^^^^^^^^^^^^^^^^^^^^^^^^^^^^^^^^^^
  File "C:\Users\hp\OneDrive\Documents\odoo-final-project\src\odoo\odoo\tools\func.py", line 87, in locked
    return func(inst, *args, **kwargs)
           ^^^^^^^^^^^^^^^^^^^^^^^^^^^
  File "C:\Users\hp\OneDrive\Documents\odoo-final-project\src\odoo\odoo\tools\lru.py", line 34, in __getitem__
    a = self.d[obj]
        ~~~~~~^^^^^
KeyError: 'chienngu'

During handling of the above exception, another exception occurred:

Traceback (most recent call last):
  File "C:\Users\hp\OneDrive\Documents\odoo-final-project\src\odoo\odoo\modules\registry.py", line 113, in new
    odoo.modules.load_modules(registry, force_demo, status, update_module)
  File "C:\Users\hp\OneDrive\Documents\odoo-final-project\src\odoo\odoo\modules\loading.py", line 476, in load_modules
    processed_modules += load_marked_modules(env, graph,
                         ^^^^^^^^^^^^^^^^^^^^^^^^^^^^^^^
  File "C:\Users\hp\OneDrive\Documents\odoo-final-project\src\odoo\odoo\modules\loading.py", line 362, in load_marked_modules
    graph.add_modules(env.cr, module_list, force)
  File "C:\Users\hp\OneDrive\Documents\odoo-final-project\src\odoo\odoo\modules\graph.py", line 61, in add_modules
    info = odoo.modules.module.get_manifest(module)
           ^^^^^^^^^^^^^^^^^^^^^^^^^^^^^^^^^^^^^^^^
  File "C:\Users\hp\OneDrive\Documents\odoo-final-project\src\odoo\odoo\modules\module.py", line 368, in get_manifest
    return load_manifest(module, mod_path)
           ^^^^^^^^^^^^^^^^^^^^^^^^^^^^^^^
  File "C:\Users\hp\OneDrive\Documents\odoo-final-project\src\odoo\odoo\modules\module.py", line 318, in load_manifest
    manifest.update(ast.literal_eval(f.read()))
                    ^^^^^^^^^^^^^^^^^^^^^^^^^^
  File "C:\Users\hp\OneDrive\Documents\odoo-final-project\src\odoo\odoo\tools\_monkeypatches.py", line 65, in literal_eval
    return orig_literal_eval(expr)
           ^^^^^^^^^^^^^^^^^^^^^^^
  File "C:\Users\hp\AppData\Local\Programs\Python\Python311\Lib\ast.py", line 64, in literal_eval
    node_or_string = parse(node_or_string.lstrip(" \t"), mode='eval')
                     ^^^^^^^^^^^^^^^^^^^^^^^^^^^^^^^^^^^^^^^^^^^^^^^^
  File "C:\Users\hp\AppData\Local\Programs\Python\Python311\Lib\ast.py", line 50, in parse
    return compile(source, filename, mode, flags,
           ^^^^^^^^^^^^^^^^^^^^^^^^^^^^^^^^^^^^^^
  File "<unknown>", line 16
    "application": True,
IndentationError: unexpected indent
2025-06-19 09:53:51,057 27220 ERROR chienngu odoo.http: Exception during request handling. 
Traceback (most recent call last):
  File "C:\Users\hp\OneDrive\Documents\odoo-final-project\src\odoo\odoo\modules\registry.py", line 87, in __new__
    return cls.registries[db_name]
           ~~~~~~~~~~~~~~^^^^^^^^^
  File "C:\Users\hp\OneDrive\Documents\odoo-final-project\.venv\Lib\site-packages\decorator.py", line 232, in fun
    return caller(func, *(extras + args), **kw)
           ^^^^^^^^^^^^^^^^^^^^^^^^^^^^^^^^^^^^
  File "C:\Users\hp\OneDrive\Documents\odoo-final-project\src\odoo\odoo\tools\func.py", line 87, in locked
    return func(inst, *args, **kwargs)
           ^^^^^^^^^^^^^^^^^^^^^^^^^^^
  File "C:\Users\hp\OneDrive\Documents\odoo-final-project\src\odoo\odoo\tools\lru.py", line 34, in __getitem__
    a = self.d[obj]
        ~~~~~~^^^^^
KeyError: 'chienngu'

During handling of the above exception, another exception occurred:

Traceback (most recent call last):
  File "C:\Users\hp\OneDrive\Documents\odoo-final-project\src\odoo\odoo\http.py", line 2157, in __call__
    response = request._serve_db()
               ^^^^^^^^^^^^^^^^^^^
  File "C:\Users\hp\OneDrive\Documents\odoo-final-project\src\odoo\odoo\http.py", line 1711, in _serve_db
    self.registry = Registry(self.db).check_signaling()
                    ^^^^^^^^^^^^^^^^^
  File "C:\Users\hp\OneDrive\Documents\odoo-final-project\src\odoo\odoo\modules\registry.py", line 89, in __new__
    return cls.new(db_name)
           ^^^^^^^^^^^^^^^^
  File "C:\Users\hp\OneDrive\Documents\odoo-final-project\.venv\Lib\site-packages\decorator.py", line 232, in fun
    return caller(func, *(extras + args), **kw)
           ^^^^^^^^^^^^^^^^^^^^^^^^^^^^^^^^^^^^
  File "C:\Users\hp\OneDrive\Documents\odoo-final-project\src\odoo\odoo\tools\func.py", line 87, in locked
    return func(inst, *args, **kwargs)
           ^^^^^^^^^^^^^^^^^^^^^^^^^^^
  File "C:\Users\hp\OneDrive\Documents\odoo-final-project\src\odoo\odoo\modules\registry.py", line 113, in new
    odoo.modules.load_modules(registry, force_demo, status, update_module)
  File "C:\Users\hp\OneDrive\Documents\odoo-final-project\src\odoo\odoo\modules\loading.py", line 476, in load_modules
    processed_modules += load_marked_modules(env, graph,
                         ^^^^^^^^^^^^^^^^^^^^^^^^^^^^^^^
  File "C:\Users\hp\OneDrive\Documents\odoo-final-project\src\odoo\odoo\modules\loading.py", line 362, in load_marked_modules
    graph.add_modules(env.cr, module_list, force)
  File "C:\Users\hp\OneDrive\Documents\odoo-final-project\src\odoo\odoo\modules\graph.py", line 61, in add_modules
    info = odoo.modules.module.get_manifest(module)
           ^^^^^^^^^^^^^^^^^^^^^^^^^^^^^^^^^^^^^^^^
  File "C:\Users\hp\OneDrive\Documents\odoo-final-project\src\odoo\odoo\modules\module.py", line 368, in get_manifest
    return load_manifest(module, mod_path)
           ^^^^^^^^^^^^^^^^^^^^^^^^^^^^^^^
  File "C:\Users\hp\OneDrive\Documents\odoo-final-project\src\odoo\odoo\modules\module.py", line 318, in load_manifest
    manifest.update(ast.literal_eval(f.read()))
                    ^^^^^^^^^^^^^^^^^^^^^^^^^^
  File "C:\Users\hp\OneDrive\Documents\odoo-final-project\src\odoo\odoo\tools\_monkeypatches.py", line 65, in literal_eval
    return orig_literal_eval(expr)
           ^^^^^^^^^^^^^^^^^^^^^^^
  File "C:\Users\hp\AppData\Local\Programs\Python\Python311\Lib\ast.py", line 64, in literal_eval
    node_or_string = parse(node_or_string.lstrip(" \t"), mode='eval')
                     ^^^^^^^^^^^^^^^^^^^^^^^^^^^^^^^^^^^^^^^^^^^^^^^^
  File "C:\Users\hp\AppData\Local\Programs\Python\Python311\Lib\ast.py", line 50, in parse
    return compile(source, filename, mode, flags,
           ^^^^^^^^^^^^^^^^^^^^^^^^^^^^^^^^^^^^^^
  File "<unknown>", line 16
    "application": True,
IndentationError: unexpected indent
2025-06-19 09:53:51,058 27220 INFO chienngu werkzeug: 127.0.0.1 - - [19/Jun/2025 09:53:51] "GET /websocket HTTP/1.1" 500 - 11 0.002 1.903
2025-06-19 09:53:51,085 27220 DEBUG ? odoo.modules.registry: Multiprocess load registry signaling: [Registry: 14] [Cache default: 47] [Cache assets: 1] [Cache templates: 5] [Cache routing: 1] 
2025-06-19 09:53:51,086 27220 INFO chienngu odoo.modules.loading: loading 1 modules... 
2025-06-19 09:53:51,086 27220 DEBUG chienngu odoo.modules.loading: Loading module base (1/1) 
2025-06-19 09:53:51,090 27220 DEBUG chienngu odoo.modules.loading: Module base loaded in 0.00s, 0 queries 
2025-06-19 09:53:51,090 27220 INFO chienngu odoo.modules.loading: 1 modules loaded in 0.00s, 0 queries (+0 extra) 
2025-06-19 09:53:51,092 27220 WARNING chienngu odoo.modules.loading: Transient module states were reset 
2025-06-19 09:53:51,092 27220 ERROR chienngu odoo.modules.registry: Failed to load registry 
Traceback (most recent call last):
  File "C:\Users\hp\OneDrive\Documents\odoo-final-project\src\odoo\odoo\modules\registry.py", line 87, in __new__
    return cls.registries[db_name]
           ~~~~~~~~~~~~~~^^^^^^^^^
  File "C:\Users\hp\OneDrive\Documents\odoo-final-project\.venv\Lib\site-packages\decorator.py", line 232, in fun
    return caller(func, *(extras + args), **kw)
           ^^^^^^^^^^^^^^^^^^^^^^^^^^^^^^^^^^^^
  File "C:\Users\hp\OneDrive\Documents\odoo-final-project\src\odoo\odoo\tools\func.py", line 87, in locked
    return func(inst, *args, **kwargs)
           ^^^^^^^^^^^^^^^^^^^^^^^^^^^
  File "C:\Users\hp\OneDrive\Documents\odoo-final-project\src\odoo\odoo\tools\lru.py", line 34, in __getitem__
    a = self.d[obj]
        ~~~~~~^^^^^
KeyError: 'chienngu'

During handling of the above exception, another exception occurred:

Traceback (most recent call last):
  File "C:\Users\hp\OneDrive\Documents\odoo-final-project\src\odoo\odoo\modules\registry.py", line 113, in new
    odoo.modules.load_modules(registry, force_demo, status, update_module)
  File "C:\Users\hp\OneDrive\Documents\odoo-final-project\src\odoo\odoo\modules\loading.py", line 476, in load_modules
    processed_modules += load_marked_modules(env, graph,
                         ^^^^^^^^^^^^^^^^^^^^^^^^^^^^^^^
  File "C:\Users\hp\OneDrive\Documents\odoo-final-project\src\odoo\odoo\modules\loading.py", line 362, in load_marked_modules
    graph.add_modules(env.cr, module_list, force)
  File "C:\Users\hp\OneDrive\Documents\odoo-final-project\src\odoo\odoo\modules\graph.py", line 61, in add_modules
    info = odoo.modules.module.get_manifest(module)
           ^^^^^^^^^^^^^^^^^^^^^^^^^^^^^^^^^^^^^^^^
  File "C:\Users\hp\OneDrive\Documents\odoo-final-project\src\odoo\odoo\modules\module.py", line 368, in get_manifest
    return load_manifest(module, mod_path)
           ^^^^^^^^^^^^^^^^^^^^^^^^^^^^^^^
  File "C:\Users\hp\OneDrive\Documents\odoo-final-project\src\odoo\odoo\modules\module.py", line 318, in load_manifest
    manifest.update(ast.literal_eval(f.read()))
                    ^^^^^^^^^^^^^^^^^^^^^^^^^^
  File "C:\Users\hp\OneDrive\Documents\odoo-final-project\src\odoo\odoo\tools\_monkeypatches.py", line 65, in literal_eval
    return orig_literal_eval(expr)
           ^^^^^^^^^^^^^^^^^^^^^^^
  File "C:\Users\hp\AppData\Local\Programs\Python\Python311\Lib\ast.py", line 64, in literal_eval
    node_or_string = parse(node_or_string.lstrip(" \t"), mode='eval')
                     ^^^^^^^^^^^^^^^^^^^^^^^^^^^^^^^^^^^^^^^^^^^^^^^^
  File "C:\Users\hp\AppData\Local\Programs\Python\Python311\Lib\ast.py", line 50, in parse
    return compile(source, filename, mode, flags,
           ^^^^^^^^^^^^^^^^^^^^^^^^^^^^^^^^^^^^^^
  File "<unknown>", line 16
    "application": True,
IndentationError: unexpected indent
2025-06-19 09:53:51,093 27220 ERROR chienngu odoo.http: Exception during request handling. 
Traceback (most recent call last):
  File "C:\Users\hp\OneDrive\Documents\odoo-final-project\src\odoo\odoo\modules\registry.py", line 87, in __new__
    return cls.registries[db_name]
           ~~~~~~~~~~~~~~^^^^^^^^^
  File "C:\Users\hp\OneDrive\Documents\odoo-final-project\.venv\Lib\site-packages\decorator.py", line 232, in fun
    return caller(func, *(extras + args), **kw)
           ^^^^^^^^^^^^^^^^^^^^^^^^^^^^^^^^^^^^
  File "C:\Users\hp\OneDrive\Documents\odoo-final-project\src\odoo\odoo\tools\func.py", line 87, in locked
    return func(inst, *args, **kwargs)
           ^^^^^^^^^^^^^^^^^^^^^^^^^^^
  File "C:\Users\hp\OneDrive\Documents\odoo-final-project\src\odoo\odoo\tools\lru.py", line 34, in __getitem__
    a = self.d[obj]
        ~~~~~~^^^^^
KeyError: 'chienngu'

During handling of the above exception, another exception occurred:

Traceback (most recent call last):
  File "C:\Users\hp\OneDrive\Documents\odoo-final-project\src\odoo\odoo\http.py", line 2157, in __call__
    response = request._serve_db()
               ^^^^^^^^^^^^^^^^^^^
  File "C:\Users\hp\OneDrive\Documents\odoo-final-project\src\odoo\odoo\http.py", line 1711, in _serve_db
    self.registry = Registry(self.db).check_signaling()
                    ^^^^^^^^^^^^^^^^^
  File "C:\Users\hp\OneDrive\Documents\odoo-final-project\src\odoo\odoo\modules\registry.py", line 89, in __new__
    return cls.new(db_name)
           ^^^^^^^^^^^^^^^^
  File "C:\Users\hp\OneDrive\Documents\odoo-final-project\.venv\Lib\site-packages\decorator.py", line 232, in fun
    return caller(func, *(extras + args), **kw)
           ^^^^^^^^^^^^^^^^^^^^^^^^^^^^^^^^^^^^
  File "C:\Users\hp\OneDrive\Documents\odoo-final-project\src\odoo\odoo\tools\func.py", line 87, in locked
    return func(inst, *args, **kwargs)
           ^^^^^^^^^^^^^^^^^^^^^^^^^^^
  File "C:\Users\hp\OneDrive\Documents\odoo-final-project\src\odoo\odoo\modules\registry.py", line 113, in new
    odoo.modules.load_modules(registry, force_demo, status, update_module)
  File "C:\Users\hp\OneDrive\Documents\odoo-final-project\src\odoo\odoo\modules\loading.py", line 476, in load_modules
    processed_modules += load_marked_modules(env, graph,
                         ^^^^^^^^^^^^^^^^^^^^^^^^^^^^^^^
  File "C:\Users\hp\OneDrive\Documents\odoo-final-project\src\odoo\odoo\modules\loading.py", line 362, in load_marked_modules
    graph.add_modules(env.cr, module_list, force)
  File "C:\Users\hp\OneDrive\Documents\odoo-final-project\src\odoo\odoo\modules\graph.py", line 61, in add_modules
    info = odoo.modules.module.get_manifest(module)
           ^^^^^^^^^^^^^^^^^^^^^^^^^^^^^^^^^^^^^^^^
  File "C:\Users\hp\OneDrive\Documents\odoo-final-project\src\odoo\odoo\modules\module.py", line 368, in get_manifest
    return load_manifest(module, mod_path)
           ^^^^^^^^^^^^^^^^^^^^^^^^^^^^^^^
  File "C:\Users\hp\OneDrive\Documents\odoo-final-project\src\odoo\odoo\modules\module.py", line 318, in load_manifest
    manifest.update(ast.literal_eval(f.read()))
                    ^^^^^^^^^^^^^^^^^^^^^^^^^^
  File "C:\Users\hp\OneDrive\Documents\odoo-final-project\src\odoo\odoo\tools\_monkeypatches.py", line 65, in literal_eval
    return orig_literal_eval(expr)
           ^^^^^^^^^^^^^^^^^^^^^^^
  File "C:\Users\hp\AppData\Local\Programs\Python\Python311\Lib\ast.py", line 64, in literal_eval
    node_or_string = parse(node_or_string.lstrip(" \t"), mode='eval')
                     ^^^^^^^^^^^^^^^^^^^^^^^^^^^^^^^^^^^^^^^^^^^^^^^^
  File "C:\Users\hp\AppData\Local\Programs\Python\Python311\Lib\ast.py", line 50, in parse
    return compile(source, filename, mode, flags,
           ^^^^^^^^^^^^^^^^^^^^^^^^^^^^^^^^^^^^^^
  File "<unknown>", line 16
    "application": True,
IndentationError: unexpected indent
2025-06-19 09:53:51,094 27220 INFO chienngu werkzeug: 127.0.0.1 - - [19/Jun/2025 09:53:51] "GET /favicon.ico HTTP/1.1" 500 - 11 0.001 0.010
2025-06-19 09:53:52,909 27220 DEBUG ? odoo.modules.registry: Multiprocess load registry signaling: [Registry: 14] [Cache default: 47] [Cache assets: 1] [Cache templates: 5] [Cache routing: 1] 
2025-06-19 09:53:52,909 27220 INFO chienngu odoo.modules.loading: loading 1 modules... 
2025-06-19 09:53:52,911 27220 DEBUG chienngu odoo.modules.loading: Loading module base (1/1) 
2025-06-19 09:53:52,914 27220 DEBUG chienngu odoo.modules.loading: Module base loaded in 0.00s, 0 queries 
2025-06-19 09:53:52,914 27220 INFO chienngu odoo.modules.loading: 1 modules loaded in 0.00s, 0 queries (+0 extra) 
2025-06-19 09:53:52,916 27220 WARNING chienngu odoo.modules.loading: Transient module states were reset 
2025-06-19 09:53:52,917 27220 ERROR chienngu odoo.modules.registry: Failed to load registry 
Traceback (most recent call last):
  File "C:\Users\hp\OneDrive\Documents\odoo-final-project\src\odoo\odoo\modules\registry.py", line 87, in __new__
    return cls.registries[db_name]
           ~~~~~~~~~~~~~~^^^^^^^^^
  File "C:\Users\hp\OneDrive\Documents\odoo-final-project\.venv\Lib\site-packages\decorator.py", line 232, in fun
    return caller(func, *(extras + args), **kw)
           ^^^^^^^^^^^^^^^^^^^^^^^^^^^^^^^^^^^^
  File "C:\Users\hp\OneDrive\Documents\odoo-final-project\src\odoo\odoo\tools\func.py", line 87, in locked
    return func(inst, *args, **kwargs)
           ^^^^^^^^^^^^^^^^^^^^^^^^^^^
  File "C:\Users\hp\OneDrive\Documents\odoo-final-project\src\odoo\odoo\tools\lru.py", line 34, in __getitem__
    a = self.d[obj]
        ~~~~~~^^^^^
KeyError: 'chienngu'

During handling of the above exception, another exception occurred:

Traceback (most recent call last):
  File "C:\Users\hp\OneDrive\Documents\odoo-final-project\src\odoo\odoo\modules\registry.py", line 113, in new
    odoo.modules.load_modules(registry, force_demo, status, update_module)
  File "C:\Users\hp\OneDrive\Documents\odoo-final-project\src\odoo\odoo\modules\loading.py", line 476, in load_modules
    processed_modules += load_marked_modules(env, graph,
                         ^^^^^^^^^^^^^^^^^^^^^^^^^^^^^^^
  File "C:\Users\hp\OneDrive\Documents\odoo-final-project\src\odoo\odoo\modules\loading.py", line 362, in load_marked_modules
    graph.add_modules(env.cr, module_list, force)
  File "C:\Users\hp\OneDrive\Documents\odoo-final-project\src\odoo\odoo\modules\graph.py", line 61, in add_modules
    info = odoo.modules.module.get_manifest(module)
           ^^^^^^^^^^^^^^^^^^^^^^^^^^^^^^^^^^^^^^^^
  File "C:\Users\hp\OneDrive\Documents\odoo-final-project\src\odoo\odoo\modules\module.py", line 368, in get_manifest
    return load_manifest(module, mod_path)
           ^^^^^^^^^^^^^^^^^^^^^^^^^^^^^^^
  File "C:\Users\hp\OneDrive\Documents\odoo-final-project\src\odoo\odoo\modules\module.py", line 318, in load_manifest
    manifest.update(ast.literal_eval(f.read()))
                    ^^^^^^^^^^^^^^^^^^^^^^^^^^
  File "C:\Users\hp\OneDrive\Documents\odoo-final-project\src\odoo\odoo\tools\_monkeypatches.py", line 65, in literal_eval
    return orig_literal_eval(expr)
           ^^^^^^^^^^^^^^^^^^^^^^^
  File "C:\Users\hp\AppData\Local\Programs\Python\Python311\Lib\ast.py", line 64, in literal_eval
    node_or_string = parse(node_or_string.lstrip(" \t"), mode='eval')
                     ^^^^^^^^^^^^^^^^^^^^^^^^^^^^^^^^^^^^^^^^^^^^^^^^
  File "C:\Users\hp\AppData\Local\Programs\Python\Python311\Lib\ast.py", line 50, in parse
    return compile(source, filename, mode, flags,
           ^^^^^^^^^^^^^^^^^^^^^^^^^^^^^^^^^^^^^^
  File "<unknown>", line 16
    "application": True,
IndentationError: unexpected indent
2025-06-19 09:53:52,918 27220 ERROR chienngu odoo.http: Exception during request handling. 
Traceback (most recent call last):
  File "C:\Users\hp\OneDrive\Documents\odoo-final-project\src\odoo\odoo\modules\registry.py", line 87, in __new__
    return cls.registries[db_name]
           ~~~~~~~~~~~~~~^^^^^^^^^
  File "C:\Users\hp\OneDrive\Documents\odoo-final-project\.venv\Lib\site-packages\decorator.py", line 232, in fun
    return caller(func, *(extras + args), **kw)
           ^^^^^^^^^^^^^^^^^^^^^^^^^^^^^^^^^^^^
  File "C:\Users\hp\OneDrive\Documents\odoo-final-project\src\odoo\odoo\tools\func.py", line 87, in locked
    return func(inst, *args, **kwargs)
           ^^^^^^^^^^^^^^^^^^^^^^^^^^^
  File "C:\Users\hp\OneDrive\Documents\odoo-final-project\src\odoo\odoo\tools\lru.py", line 34, in __getitem__
    a = self.d[obj]
        ~~~~~~^^^^^
KeyError: 'chienngu'

During handling of the above exception, another exception occurred:

Traceback (most recent call last):
  File "C:\Users\hp\OneDrive\Documents\odoo-final-project\src\odoo\odoo\http.py", line 2157, in __call__
    response = request._serve_db()
               ^^^^^^^^^^^^^^^^^^^
  File "C:\Users\hp\OneDrive\Documents\odoo-final-project\src\odoo\odoo\http.py", line 1711, in _serve_db
    self.registry = Registry(self.db).check_signaling()
                    ^^^^^^^^^^^^^^^^^
  File "C:\Users\hp\OneDrive\Documents\odoo-final-project\src\odoo\odoo\modules\registry.py", line 89, in __new__
    return cls.new(db_name)
           ^^^^^^^^^^^^^^^^
  File "C:\Users\hp\OneDrive\Documents\odoo-final-project\.venv\Lib\site-packages\decorator.py", line 232, in fun
    return caller(func, *(extras + args), **kw)
           ^^^^^^^^^^^^^^^^^^^^^^^^^^^^^^^^^^^^
  File "C:\Users\hp\OneDrive\Documents\odoo-final-project\src\odoo\odoo\tools\func.py", line 87, in locked
    return func(inst, *args, **kwargs)
           ^^^^^^^^^^^^^^^^^^^^^^^^^^^
  File "C:\Users\hp\OneDrive\Documents\odoo-final-project\src\odoo\odoo\modules\registry.py", line 113, in new
    odoo.modules.load_modules(registry, force_demo, status, update_module)
  File "C:\Users\hp\OneDrive\Documents\odoo-final-project\src\odoo\odoo\modules\loading.py", line 476, in load_modules
    processed_modules += load_marked_modules(env, graph,
                         ^^^^^^^^^^^^^^^^^^^^^^^^^^^^^^^
  File "C:\Users\hp\OneDrive\Documents\odoo-final-project\src\odoo\odoo\modules\loading.py", line 362, in load_marked_modules
    graph.add_modules(env.cr, module_list, force)
  File "C:\Users\hp\OneDrive\Documents\odoo-final-project\src\odoo\odoo\modules\graph.py", line 61, in add_modules
    info = odoo.modules.module.get_manifest(module)
           ^^^^^^^^^^^^^^^^^^^^^^^^^^^^^^^^^^^^^^^^
  File "C:\Users\hp\OneDrive\Documents\odoo-final-project\src\odoo\odoo\modules\module.py", line 368, in get_manifest
    return load_manifest(module, mod_path)
           ^^^^^^^^^^^^^^^^^^^^^^^^^^^^^^^
  File "C:\Users\hp\OneDrive\Documents\odoo-final-project\src\odoo\odoo\modules\module.py", line 318, in load_manifest
    manifest.update(ast.literal_eval(f.read()))
                    ^^^^^^^^^^^^^^^^^^^^^^^^^^
  File "C:\Users\hp\OneDrive\Documents\odoo-final-project\src\odoo\odoo\tools\_monkeypatches.py", line 65, in literal_eval
    return orig_literal_eval(expr)
           ^^^^^^^^^^^^^^^^^^^^^^^
  File "C:\Users\hp\AppData\Local\Programs\Python\Python311\Lib\ast.py", line 64, in literal_eval
    node_or_string = parse(node_or_string.lstrip(" \t"), mode='eval')
                     ^^^^^^^^^^^^^^^^^^^^^^^^^^^^^^^^^^^^^^^^^^^^^^^^
  File "C:\Users\hp\AppData\Local\Programs\Python\Python311\Lib\ast.py", line 50, in parse
    return compile(source, filename, mode, flags,
           ^^^^^^^^^^^^^^^^^^^^^^^^^^^^^^^^^^^^^^
  File "<unknown>", line 16
    "application": True,
IndentationError: unexpected indent
2025-06-19 09:53:52,919 27220 INFO chienngu werkzeug: 127.0.0.1 - - [19/Jun/2025 09:53:52] "GET /web/service-worker.js HTTP/1.1" 500 - 11 0.003 0.009
2025-06-19 09:54:50,953 27220 DEBUG ? odoo.service.server: cron0 polling for jobs 
2025-06-19 09:54:52,013 27220 DEBUG ? odoo.service.server: cron1 polling for jobs 
2025-06-19 09:55:50,957 27220 DEBUG ? odoo.service.server: cron0 polling for jobs 
2025-06-19 09:55:53,030 27220 DEBUG ? odoo.service.server: cron1 polling for jobs 
2025-06-19 09:56:48,952 27220 DEBUG ? odoo.modules.registry: Multiprocess load registry signaling: [Registry: 14] [Cache default: 47] [Cache assets: 1] [Cache templates: 5] [Cache routing: 1] 
2025-06-19 09:56:48,953 27220 INFO chienngu odoo.modules.loading: loading 1 modules... 
2025-06-19 09:56:48,953 27220 DEBUG chienngu odoo.modules.loading: Loading module base (1/1) 
2025-06-19 09:56:48,957 27220 DEBUG chienngu odoo.modules.loading: Module base loaded in 0.00s, 0 queries 
2025-06-19 09:56:48,957 27220 INFO chienngu odoo.modules.loading: 1 modules loaded in 0.00s, 0 queries (+0 extra) 
2025-06-19 09:56:48,961 27220 DEBUG chienngu odoo.modules.loading: Updating graph with 22 more modules 
2025-06-19 09:56:48,962 27220 INFO chienngu odoo.modules.loading: loading 23 modules... 
2025-06-19 09:56:48,962 27220 DEBUG chienngu odoo.modules.loading: Loading module web (2/23) 
2025-06-19 09:56:48,963 27220 DEBUG chienngu odoo.modules.loading: Module web loaded in 0.00s, 0 queries 
2025-06-19 09:56:48,963 27220 DEBUG chienngu odoo.modules.loading: Loading module auth_totp (3/23) 
2025-06-19 09:56:48,988 27220 DEBUG chienngu odoo.modules.loading: Module auth_totp loaded in 0.02s, 0 queries 
2025-06-19 09:56:48,988 27220 DEBUG chienngu odoo.modules.loading: Loading module base_import (4/23) 
2025-06-19 09:56:48,995 27220 DEBUG chienngu odoo.modules.loading: Module base_import loaded in 0.01s, 0 queries 
2025-06-19 09:56:48,995 27220 DEBUG chienngu odoo.modules.loading: Loading module base_import_module (5/23) 
2025-06-19 09:56:49,003 27220 DEBUG chienngu odoo.modules.loading: Module base_import_module loaded in 0.01s, 0 queries 
2025-06-19 09:56:49,003 27220 DEBUG chienngu odoo.modules.loading: Loading module base_setup (6/23) 
2025-06-19 09:56:49,009 27220 DEBUG chienngu odoo.modules.loading: Module base_setup loaded in 0.01s, 0 queries 
2025-06-19 09:56:49,009 27220 DEBUG chienngu odoo.modules.loading: Loading module bus (7/23) 
2025-06-19 09:56:49,022 27220 DEBUG chienngu odoo.modules.loading: Module bus loaded in 0.01s, 0 queries 
2025-06-19 09:56:49,022 27220 DEBUG chienngu odoo.modules.loading: Loading module garment_base (8/23) 
2025-06-19 09:56:49,025 27220 WARNING chienngu odoo.api.create: The model odoo.addons.garment_base.models.model_dynamic_templates is not overriding the create method in batch 
2025-06-19 09:56:49,025 27220 WARNING chienngu odoo.api.create: The model odoo.addons.garment_base.models.model_dynamic_templates is not overriding the create method in batch 
2025-06-19 09:56:49,025 27220 WARNING chienngu odoo.api.create: The model odoo.addons.garment_base.models.model_dynamic_templates is not overriding the create method in batch 
2025-06-19 09:56:49,027 27220 WARNING chienngu odoo.api.create: The model odoo.addons.garment_base.models.model_dynamic_templates is not overriding the create method in batch 
2025-06-19 09:56:49,027 27220 WARNING chienngu odoo.api.create: The model odoo.addons.garment_base.models.model_dynamic_templates is not overriding the create method in batch 
2025-06-19 09:56:49,027 27220 WARNING chienngu odoo.api.create: The model odoo.addons.garment_base.models.model_dynamic_templates is not overriding the create method in batch 
2025-06-19 09:56:49,034 27220 WARNING chienngu odoo.api.create: The model odoo.addons.garment_base.models.production_order is not overriding the create method in batch 
2025-06-19 09:56:49,034 27220 WARNING chienngu odoo.api.create: The model odoo.addons.garment_base.models.production_order_line is not overriding the create method in batch 
2025-06-19 09:56:49,039 27220 WARNING chienngu odoo.api.create: The model odoo.addons.garment_base.models.production_process is not overriding the create method in batch 
2025-06-19 09:56:49,039 27220 WARNING chienngu odoo.api.create: The model odoo.addons.garment_base.models.production_cost is not overriding the create method in batch 
2025-06-19 09:56:49,041 27220 WARNING chienngu odoo.api.create: The model odoo.addons.garment_base.models.production_material is not overriding the create method in batch 
2025-06-19 09:56:49,048 27220 DEBUG chienngu odoo.modules.loading: Module garment_base loaded in 0.03s, 0 queries 
2025-06-19 09:56:49,048 27220 DEBUG chienngu odoo.modules.loading: Loading module web_cohort (9/23) 
2025-06-19 09:56:49,056 27220 DEBUG chienngu odoo.modules.loading: Module web_cohort loaded in 0.01s, 0 queries 
2025-06-19 09:56:49,056 27220 DEBUG chienngu odoo.modules.loading: Loading module web_gantt (10/23) 
2025-06-19 09:56:49,062 27220 DEBUG chienngu odoo.modules.loading: Module web_gantt loaded in 0.01s, 0 queries 
2025-06-19 09:56:49,062 27220 DEBUG chienngu odoo.modules.loading: Loading module web_grid (11/23) 
2025-06-19 09:56:49,068 27220 DEBUG chienngu odoo.modules.loading: Module web_grid loaded in 0.01s, 0 queries 
2025-06-19 09:56:49,068 27220 DEBUG chienngu odoo.modules.loading: Loading module web_tour (12/23) 
2025-06-19 09:56:49,072 27220 DEBUG chienngu odoo.modules.loading: Module web_tour loaded in 0.00s, 0 queries 
2025-06-19 09:56:49,072 27220 DEBUG chienngu odoo.modules.loading: Loading module garment_authorization (13/23) 
2025-06-19 09:56:49,077 27220 WARNING chienngu odoo.api.create: The model odoo.addons.garment_authorization.models.model_user is not overriding the create method in batch 
2025-06-19 09:56:49,078 27220 DEBUG chienngu odoo.modules.loading: Module garment_authorization loaded in 0.01s, 0 queries 
2025-06-19 09:56:49,078 27220 DEBUG chienngu odoo.modules.loading: Loading module iap (14/23) 
2025-06-19 09:56:49,084 27220 DEBUG chienngu odoo.modules.loading: Module iap loaded in 0.01s, 0 queries 
2025-06-19 09:56:49,084 27220 DEBUG chienngu odoo.modules.loading: Loading module web_editor (15/23) 
2025-06-19 09:56:49,111 27220 DEBUG chienngu odoo.modules.loading: Module web_editor loaded in 0.03s, 0 queries 
2025-06-19 09:56:49,111 27220 DEBUG chienngu odoo.modules.loading: Loading module web_enterprise (16/23) 
2025-06-19 09:56:49,115 27220 DEBUG chienngu odoo.modules.loading: Module web_enterprise loaded in 0.00s, 0 queries 
2025-06-19 09:56:49,115 27220 DEBUG chienngu odoo.modules.loading: Loading module web_map (17/23) 
2025-06-19 09:56:49,124 27220 DEBUG chienngu odoo.modules.loading: Module web_map loaded in 0.01s, 0 queries 
2025-06-19 09:56:49,124 27220 DEBUG chienngu odoo.modules.loading: Loading module garment_inventory (18/23) 
2025-06-19 09:56:49,128 27220 DEBUG chienngu odoo.modules.loading: Module garment_inventory loaded in 0.00s, 0 queries 
2025-06-19 09:56:49,128 27220 DEBUG chienngu odoo.modules.loading: Loading module garment_order (19/23) 
2025-06-19 09:56:49,131 27220 DEBUG chienngu odoo.modules.loading: Module garment_order loaded in 0.00s, 0 queries 
2025-06-19 09:56:49,131 27220 INFO chienngu odoo.modules.loading: Loading module garment_production (20/23) 
2025-06-19 09:56:49,151 27220 WARNING chienngu odoo.fields: Field garment.receipt.line.from_type: unknown parameter 'invisible', if this is an actual parameter you may want to override the method _valid_field_parameter on the relevant model in order to allow it 
2025-06-19 09:56:49,151 27220 WARNING chienngu odoo.fields: Field product.style.code: unknown parameter 'unique', if this is an actual parameter you may want to override the method _valid_field_parameter on the relevant model in order to allow it 
2025-06-19 09:56:49,151 27220 WARNING chienngu odoo.fields: Field production.order.name: unknown parameter 'unique', if this is an actual parameter you may want to override the method _valid_field_parameter on the relevant model in order to allow it 
2025-06-19 09:56:49,151 27220 WARNING chienngu odoo.fields: Field production.bundle.bundle_no: unknown parameter 'unique', if this is an actual parameter you may want to override the method _valid_field_parameter on the relevant model in order to allow it 
2025-06-19 09:56:49,151 27220 WARNING chienngu odoo.fields: Field production.worker.entry.employee_id with unknown comodel_name 'hr.employee' 
2025-06-19 09:56:49,151 27220 WARNING chienngu odoo.fields: Field production.salary.adjust.employee_id with unknown comodel_name 'hr.employee' 
2025-06-19 09:56:49,151 27220 WARNING chienngu odoo.fields: Field product.lot.lot_code: unknown parameter 'unique', if this is an actual parameter you may want to override the method _valid_field_parameter on the relevant model in order to allow it 
2025-06-19 09:56:49,166 27220 WARNING chienngu odoo.fields: Field garment.receipt.line.from_type: unknown parameter 'invisible', if this is an actual parameter you may want to override the method _valid_field_parameter on the relevant model in order to allow it 
2025-06-19 09:56:49,166 27220 WARNING chienngu odoo.fields: Field product.style.code: unknown parameter 'unique', if this is an actual parameter you may want to override the method _valid_field_parameter on the relevant model in order to allow it 
2025-06-19 09:56:49,167 27220 WARNING chienngu odoo.fields: Field production.order.name: unknown parameter 'unique', if this is an actual parameter you may want to override the method _valid_field_parameter on the relevant model in order to allow it 
2025-06-19 09:56:49,167 27220 WARNING chienngu odoo.fields: Field production.bundle.bundle_no: unknown parameter 'unique', if this is an actual parameter you may want to override the method _valid_field_parameter on the relevant model in order to allow it 
2025-06-19 09:56:49,167 27220 WARNING chienngu odoo.fields: Field product.lot.lot_code: unknown parameter 'unique', if this is an actual parameter you may want to override the method _valid_field_parameter on the relevant model in order to allow it 
2025-06-19 09:56:49,170 27220 INFO chienngu odoo.modules.loading: loading garment_production/reports/bundle_report.xml 
2025-06-19 09:56:49,182 27220 DEBUG chienngu odoo.modules.registry: Invalidating templates model caches from write C:\Users\hp\OneDrive\Documents\odoo-final-project\src\odoo\odoo\addons\base\models\ir_ui_view.py:520 
2025-06-19 09:56:49,191 27220 DEBUG chienngu odoo.modules.registry: Invalidating templates model caches from write C:\Users\hp\OneDrive\Documents\odoo-final-project\src\odoo\odoo\addons\base\models\ir_ui_view.py:520 
2025-06-19 09:56:49,200 27220 DEBUG chienngu odoo.modules.registry: Invalidating default model caches from write C:\Users\hp\OneDrive\Documents\odoo-final-project\src\odoo\odoo\addons\base\models\ir_actions.py:84 
2025-06-19 09:56:49,202 27220 DEBUG chienngu odoo.modules.registry: Invalidating default model caches from write C:\Users\hp\OneDrive\Documents\odoo-final-project\src\odoo\odoo\addons\base\models\ir_actions.py:84 
2025-06-19 09:56:49,203 27220 INFO chienngu odoo.modules.loading: loading garment_production/reports/production_order_report.xml 
2025-06-19 09:56:49,205 27220 DEBUG chienngu odoo.modules.registry: Invalidating default model caches from write C:\Users\hp\OneDrive\Documents\odoo-final-project\src\odoo\odoo\addons\base\models\ir_actions.py:84 
2025-06-19 09:56:49,212 27220 DEBUG chienngu odoo.modules.registry: Invalidating templates model caches from write C:\Users\hp\OneDrive\Documents\odoo-final-project\src\odoo\odoo\addons\base\models\ir_ui_view.py:520 
2025-06-19 09:56:49,212 27220 DEBUG chienngu odoo.modules.registry: Invalidating templates model caches from write C:\Users\hp\OneDrive\Documents\odoo-final-project\src\odoo\odoo\addons\base\models\ir_ui_view.py:520 
2025-06-19 09:56:49,218 27220 INFO chienngu odoo.modules.loading: loading garment_production/views/base_menu.xml 
2025-06-19 09:56:49,223 27220 DEBUG chienngu odoo.modules.registry: Invalidating default model caches from write C:\Users\hp\OneDrive\Documents\odoo-final-project\src\odoo\odoo\addons\base\models\ir_ui_menu.py:172 
2025-06-19 09:56:49,240 27220 INFO chienngu odoo.modules.loading: loading garment_production/views/production_finance_wizard_views.xml 
2025-06-19 09:56:49,246 27220 DEBUG chienngu odoo.modules.registry: Invalidating templates model caches from write C:\Users\hp\OneDrive\Documents\odoo-final-project\src\odoo\odoo\addons\base\models\ir_ui_view.py:520 
2025-06-19 09:56:49,246 27220 DEBUG chienngu odoo.modules.registry: Invalidating templates model caches from write C:\Users\hp\OneDrive\Documents\odoo-final-project\src\odoo\odoo\addons\base\models\ir_ui_view.py:520 
2025-06-19 09:56:49,250 27220 INFO chienngu odoo.modules.loading: loading garment_production/views/approval_request_views.xml 
2025-06-19 09:56:49,254 27220 DEBUG chienngu odoo.modules.registry: Invalidating templates model caches from write C:\Users\hp\OneDrive\Documents\odoo-final-project\src\odoo\odoo\addons\base\models\ir_ui_view.py:520 
2025-06-19 09:56:49,255 27220 DEBUG chienngu odoo.modules.registry: Invalidating templates model caches from write C:\Users\hp\OneDrive\Documents\odoo-final-project\src\odoo\odoo\addons\base\models\ir_ui_view.py:520 
2025-06-19 09:56:49,262 27220 DEBUG chienngu odoo.modules.registry: Invalidating templates model caches from write C:\Users\hp\OneDrive\Documents\odoo-final-project\src\odoo\odoo\addons\base\models\ir_ui_view.py:520 
2025-06-19 09:56:49,262 27220 DEBUG chienngu odoo.modules.registry: Invalidating templates model caches from write C:\Users\hp\OneDrive\Documents\odoo-final-project\src\odoo\odoo\addons\base\models\ir_ui_view.py:520 
2025-06-19 09:56:49,270 27220 DEBUG chienngu odoo.modules.registry: Invalidating default model caches from write C:\Users\hp\OneDrive\Documents\odoo-final-project\src\odoo\odoo\addons\base\models\ir_actions.py:84 
2025-06-19 09:56:49,270 27220 INFO chienngu odoo.modules.loading: loading garment_production/views/operation_price_views.xml 
2025-06-19 09:56:49,274 27220 DEBUG chienngu odoo.modules.registry: Invalidating templates model caches from write C:\Users\hp\OneDrive\Documents\odoo-final-project\src\odoo\odoo\addons\base\models\ir_ui_view.py:520 
2025-06-19 09:56:49,275 27220 DEBUG chienngu odoo.modules.registry: Invalidating templates model caches from write C:\Users\hp\OneDrive\Documents\odoo-final-project\src\odoo\odoo\addons\base\models\ir_ui_view.py:520 
2025-06-19 09:56:49,279 27220 DEBUG chienngu odoo.modules.registry: Invalidating templates model caches from write C:\Users\hp\OneDrive\Documents\odoo-final-project\src\odoo\odoo\addons\base\models\ir_ui_view.py:520 
2025-06-19 09:56:49,280 27220 DEBUG chienngu odoo.modules.registry: Invalidating templates model caches from write C:\Users\hp\OneDrive\Documents\odoo-final-project\src\odoo\odoo\addons\base\models\ir_ui_view.py:520 
2025-06-19 09:56:49,283 27220 DEBUG chienngu odoo.modules.registry: Invalidating default model caches from write C:\Users\hp\OneDrive\Documents\odoo-final-project\src\odoo\odoo\addons\base\models\ir_actions.py:84 
2025-06-19 09:56:49,283 27220 INFO chienngu odoo.modules.loading: loading garment_production/views/production_approval_views.xml 
2025-06-19 09:56:49,287 27220 DEBUG chienngu odoo.modules.registry: Invalidating templates model caches from write C:\Users\hp\OneDrive\Documents\odoo-final-project\src\odoo\odoo\addons\base\models\ir_ui_view.py:520 
2025-06-19 09:56:49,288 27220 DEBUG chienngu odoo.modules.registry: Invalidating templates model caches from write C:\Users\hp\OneDrive\Documents\odoo-final-project\src\odoo\odoo\addons\base\models\ir_ui_view.py:520 
2025-06-19 09:56:49,292 27220 DEBUG chienngu odoo.modules.registry: Invalidating templates model caches from write C:\Users\hp\OneDrive\Documents\odoo-final-project\src\odoo\odoo\addons\base\models\ir_ui_view.py:520 
2025-06-19 09:56:49,293 27220 DEBUG chienngu odoo.modules.registry: Invalidating templates model caches from write C:\Users\hp\OneDrive\Documents\odoo-final-project\src\odoo\odoo\addons\base\models\ir_ui_view.py:520 
2025-06-19 09:56:49,295 27220 DEBUG chienngu odoo.modules.registry: Invalidating default model caches from write C:\Users\hp\OneDrive\Documents\odoo-final-project\src\odoo\odoo\addons\base\models\ir_actions.py:84 
2025-06-19 09:56:49,297 27220 INFO chienngu odoo.modules.loading: loading garment_production/views/production_bundle_views.xml 
2025-06-19 09:56:49,301 27220 DEBUG chienngu odoo.modules.registry: Invalidating templates model caches from write C:\Users\hp\OneDrive\Documents\odoo-final-project\src\odoo\odoo\addons\base\models\ir_ui_view.py:520 
2025-06-19 09:56:49,302 27220 DEBUG chienngu odoo.modules.registry: Invalidating templates model caches from write C:\Users\hp\OneDrive\Documents\odoo-final-project\src\odoo\odoo\addons\base\models\ir_ui_view.py:520 
2025-06-19 09:56:49,307 27220 DEBUG chienngu odoo.modules.registry: Invalidating templates model caches from write C:\Users\hp\OneDrive\Documents\odoo-final-project\src\odoo\odoo\addons\base\models\ir_ui_view.py:520 
2025-06-19 09:56:49,307 27220 DEBUG chienngu odoo.modules.registry: Invalidating templates model caches from write C:\Users\hp\OneDrive\Documents\odoo-final-project\src\odoo\odoo\addons\base\models\ir_ui_view.py:520 
2025-06-19 09:56:49,311 27220 DEBUG chienngu odoo.modules.registry: Invalidating default model caches from write C:\Users\hp\OneDrive\Documents\odoo-final-project\src\odoo\odoo\addons\base\models\ir_actions.py:84 
2025-06-19 09:56:49,316 27220 DEBUG chienngu odoo.modules.registry: Invalidating default model caches from write C:\Users\hp\OneDrive\Documents\odoo-final-project\src\odoo\odoo\addons\base\models\ir_actions.py:84 
2025-06-19 09:56:49,318 27220 DEBUG chienngu odoo.modules.registry: Invalidating default model caches from write C:\Users\hp\OneDrive\Documents\odoo-final-project\src\odoo\odoo\addons\base\models\ir_actions.py:84 
2025-06-19 09:56:49,320 27220 DEBUG chienngu odoo.modules.registry: Invalidating default model caches from write C:\Users\hp\OneDrive\Documents\odoo-final-project\src\odoo\odoo\addons\base\models\ir_ui_menu.py:172 
2025-06-19 09:56:49,322 27220 INFO chienngu odoo.modules.loading: loading garment_production/views/production_cost_views.xml 
2025-06-19 09:56:49,325 27220 DEBUG chienngu odoo.modules.registry: Invalidating templates model caches from write C:\Users\hp\OneDrive\Documents\odoo-final-project\src\odoo\odoo\addons\base\models\ir_ui_view.py:520 
2025-06-19 09:56:49,325 27220 DEBUG chienngu odoo.modules.registry: Invalidating templates model caches from write C:\Users\hp\OneDrive\Documents\odoo-final-project\src\odoo\odoo\addons\base\models\ir_ui_view.py:520 
2025-06-19 09:56:49,329 27220 DEBUG chienngu odoo.modules.registry: Invalidating templates model caches from write C:\Users\hp\OneDrive\Documents\odoo-final-project\src\odoo\odoo\addons\base\models\ir_ui_view.py:520 
2025-06-19 09:56:49,330 27220 DEBUG chienngu odoo.modules.registry: Invalidating templates model caches from write C:\Users\hp\OneDrive\Documents\odoo-final-project\src\odoo\odoo\addons\base\models\ir_ui_view.py:520 
2025-06-19 09:56:49,333 27220 DEBUG chienngu odoo.modules.registry: Invalidating default model caches from write C:\Users\hp\OneDrive\Documents\odoo-final-project\src\odoo\odoo\addons\base\models\ir_actions.py:84 
2025-06-19 09:56:49,335 27220 INFO chienngu odoo.modules.loading: loading garment_production/views/production_distribution_views.xml 
2025-06-19 09:56:49,339 27220 DEBUG chienngu odoo.modules.registry: Invalidating templates model caches from write C:\Users\hp\OneDrive\Documents\odoo-final-project\src\odoo\odoo\addons\base\models\ir_ui_view.py:520 
2025-06-19 09:56:49,340 27220 DEBUG chienngu odoo.modules.registry: Invalidating templates model caches from write C:\Users\hp\OneDrive\Documents\odoo-final-project\src\odoo\odoo\addons\base\models\ir_ui_view.py:520 
2025-06-19 09:56:49,345 27220 DEBUG chienngu odoo.modules.registry: Invalidating templates model caches from write C:\Users\hp\OneDrive\Documents\odoo-final-project\src\odoo\odoo\addons\base\models\ir_ui_view.py:520 
2025-06-19 09:56:49,345 27220 DEBUG chienngu odoo.modules.registry: Invalidating templates model caches from write C:\Users\hp\OneDrive\Documents\odoo-final-project\src\odoo\odoo\addons\base\models\ir_ui_view.py:520 
2025-06-19 09:56:49,348 27220 DEBUG chienngu odoo.modules.registry: Invalidating default model caches from write C:\Users\hp\OneDrive\Documents\odoo-final-project\src\odoo\odoo\addons\base\models\ir_actions.py:84 
2025-06-19 09:56:49,349 27220 INFO chienngu odoo.modules.loading: loading garment_production/views/production_finance_approval_views.xml 
2025-06-19 09:56:49,352 27220 DEBUG chienngu odoo.modules.registry: Invalidating templates model caches from write C:\Users\hp\OneDrive\Documents\odoo-final-project\src\odoo\odoo\addons\base\models\ir_ui_view.py:520 
2025-06-19 09:56:49,353 27220 DEBUG chienngu odoo.modules.registry: Invalidating templates model caches from write C:\Users\hp\OneDrive\Documents\odoo-final-project\src\odoo\odoo\addons\base\models\ir_ui_view.py:520 
2025-06-19 09:56:49,357 27220 DEBUG chienngu odoo.modules.registry: Invalidating templates model caches from write C:\Users\hp\OneDrive\Documents\odoo-final-project\src\odoo\odoo\addons\base\models\ir_ui_view.py:520 
2025-06-19 09:56:49,357 27220 DEBUG chienngu odoo.modules.registry: Invalidating templates model caches from write C:\Users\hp\OneDrive\Documents\odoo-final-project\src\odoo\odoo\addons\base\models\ir_ui_view.py:520 
2025-06-19 09:56:49,362 27220 DEBUG chienngu odoo.modules.registry: Invalidating default model caches from write C:\Users\hp\OneDrive\Documents\odoo-final-project\src\odoo\odoo\addons\base\models\ir_actions.py:84 
2025-06-19 09:56:49,362 27220 INFO chienngu odoo.modules.loading: loading garment_production/views/production_material_views.xml 
2025-06-19 09:56:49,365 27220 DEBUG chienngu odoo.modules.registry: Invalidating templates model caches from write C:\Users\hp\OneDrive\Documents\odoo-final-project\src\odoo\odoo\addons\base\models\ir_ui_view.py:520 
2025-06-19 09:56:49,365 27220 DEBUG chienngu odoo.modules.registry: Invalidating templates model caches from write C:\Users\hp\OneDrive\Documents\odoo-final-project\src\odoo\odoo\addons\base\models\ir_ui_view.py:520 
2025-06-19 09:56:49,371 27220 DEBUG chienngu odoo.modules.registry: Invalidating templates model caches from write C:\Users\hp\OneDrive\Documents\odoo-final-project\src\odoo\odoo\addons\base\models\ir_ui_view.py:520 
2025-06-19 09:56:49,372 27220 DEBUG chienngu odoo.modules.registry: Invalidating templates model caches from write C:\Users\hp\OneDrive\Documents\odoo-final-project\src\odoo\odoo\addons\base\models\ir_ui_view.py:520 
2025-06-19 09:56:49,375 27220 DEBUG chienngu odoo.modules.registry: Invalidating default model caches from write C:\Users\hp\OneDrive\Documents\odoo-final-project\src\odoo\odoo\addons\base\models\ir_actions.py:84 
2025-06-19 09:56:49,376 27220 INFO chienngu odoo.modules.loading: loading garment_production/views/production_order_line_views.xml 
2025-06-19 09:56:49,380 27220 DEBUG chienngu odoo.modules.registry: Invalidating templates model caches from write C:\Users\hp\OneDrive\Documents\odoo-final-project\src\odoo\odoo\addons\base\models\ir_ui_view.py:520 
2025-06-19 09:56:49,381 27220 DEBUG chienngu odoo.modules.registry: Invalidating templates model caches from write C:\Users\hp\OneDrive\Documents\odoo-final-project\src\odoo\odoo\addons\base\models\ir_ui_view.py:520 
2025-06-19 09:56:49,387 27220 DEBUG chienngu odoo.modules.registry: Invalidating templates model caches from write C:\Users\hp\OneDrive\Documents\odoo-final-project\src\odoo\odoo\addons\base\models\ir_ui_view.py:520 
2025-06-19 09:56:49,387 27220 DEBUG chienngu odoo.modules.registry: Invalidating templates model caches from write C:\Users\hp\OneDrive\Documents\odoo-final-project\src\odoo\odoo\addons\base\models\ir_ui_view.py:520 
2025-06-19 09:56:49,393 27220 DEBUG chienngu odoo.modules.registry: Invalidating default model caches from write C:\Users\hp\OneDrive\Documents\odoo-final-project\src\odoo\odoo\addons\base\models\ir_actions.py:84 
2025-06-19 09:56:49,395 27220 DEBUG chienngu odoo.modules.registry: Invalidating default model caches from write C:\Users\hp\OneDrive\Documents\odoo-final-project\src\odoo\odoo\addons\base\models\ir_ui_menu.py:172 
2025-06-19 09:56:49,398 27220 INFO chienngu odoo.modules.loading: loading garment_production/views/production_order_views.xml 
2025-06-19 09:56:49,417 27220 DEBUG chienngu odoo.modules.registry: Invalidating templates model caches from write C:\Users\hp\OneDrive\Documents\odoo-final-project\src\odoo\odoo\addons\base\models\ir_ui_view.py:520 
2025-06-19 09:56:49,418 27220 DEBUG chienngu odoo.modules.registry: Invalidating templates model caches from write C:\Users\hp\OneDrive\Documents\odoo-final-project\src\odoo\odoo\addons\base\models\ir_ui_view.py:520 
2025-06-19 09:56:49,425 27220 DEBUG chienngu odoo.modules.registry: Invalidating templates model caches from write C:\Users\hp\OneDrive\Documents\odoo-final-project\src\odoo\odoo\addons\base\models\ir_ui_view.py:520 
2025-06-19 09:56:49,425 27220 DEBUG chienngu odoo.modules.registry: Invalidating templates model caches from write C:\Users\hp\OneDrive\Documents\odoo-final-project\src\odoo\odoo\addons\base\models\ir_ui_view.py:520 
2025-06-19 09:56:49,437 27220 DEBUG chienngu odoo.modules.registry: Invalidating templates model caches from write C:\Users\hp\OneDrive\Documents\odoo-final-project\src\odoo\odoo\addons\base\models\ir_ui_view.py:520 
2025-06-19 09:56:49,438 27220 DEBUG chienngu odoo.modules.registry: Invalidating templates model caches from write C:\Users\hp\OneDrive\Documents\odoo-final-project\src\odoo\odoo\addons\base\models\ir_ui_view.py:520 
2025-06-19 09:56:49,452 27220 DEBUG chienngu odoo.modules.registry: Invalidating templates model caches from write C:\Users\hp\OneDrive\Documents\odoo-final-project\src\odoo\odoo\addons\base\models\ir_ui_view.py:520 
2025-06-19 09:56:49,453 27220 DEBUG chienngu odoo.modules.registry: Invalidating templates model caches from write C:\Users\hp\OneDrive\Documents\odoo-final-project\src\odoo\odoo\addons\base\models\ir_ui_view.py:520 
2025-06-19 09:56:49,460 27220 DEBUG chienngu odoo.modules.registry: Invalidating templates model caches from write C:\Users\hp\OneDrive\Documents\odoo-final-project\src\odoo\odoo\addons\base\models\ir_ui_view.py:520 
2025-06-19 09:56:49,461 27220 DEBUG chienngu odoo.modules.registry: Invalidating templates model caches from write C:\Users\hp\OneDrive\Documents\odoo-final-project\src\odoo\odoo\addons\base\models\ir_ui_view.py:520 
2025-06-19 09:56:49,468 27220 DEBUG chienngu odoo.modules.registry: Invalidating default model caches from write C:\Users\hp\OneDrive\Documents\odoo-final-project\src\odoo\odoo\addons\base\models\ir_actions.py:84 
2025-06-19 09:56:49,475 27220 DEBUG chienngu odoo.modules.registry: Invalidating default model caches from write C:\Users\hp\OneDrive\Documents\odoo-final-project\src\odoo\odoo\addons\base\models\ir_ui_menu.py:172 
2025-06-19 09:56:49,478 27220 DEBUG chienngu odoo.modules.registry: Invalidating default model caches from write C:\Users\hp\OneDrive\Documents\odoo-final-project\src\odoo\odoo\addons\base\models\ir_ui_menu.py:172 
2025-06-19 09:56:49,481 27220 DEBUG chienngu odoo.modules.registry: Invalidating default model caches from write C:\Users\hp\OneDrive\Documents\odoo-final-project\src\odoo\odoo\addons\base\models\ir_ui_menu.py:172 
2025-06-19 09:56:49,484 27220 INFO chienngu odoo.modules.loading: loading garment_production/views/production_process_views.xml 
2025-06-19 09:56:49,488 27220 DEBUG chienngu odoo.modules.registry: Invalidating templates model caches from write C:\Users\hp\OneDrive\Documents\odoo-final-project\src\odoo\odoo\addons\base\models\ir_ui_view.py:520 
2025-06-19 09:56:49,488 27220 DEBUG chienngu odoo.modules.registry: Invalidating templates model caches from write C:\Users\hp\OneDrive\Documents\odoo-final-project\src\odoo\odoo\addons\base\models\ir_ui_view.py:520 
2025-06-19 09:56:49,494 27220 DEBUG chienngu odoo.modules.registry: Invalidating templates model caches from write C:\Users\hp\OneDrive\Documents\odoo-final-project\src\odoo\odoo\addons\base\models\ir_ui_view.py:520 
2025-06-19 09:56:49,495 27220 DEBUG chienngu odoo.modules.registry: Invalidating templates model caches from write C:\Users\hp\OneDrive\Documents\odoo-final-project\src\odoo\odoo\addons\base\models\ir_ui_view.py:520 
2025-06-19 09:56:49,502 27220 DEBUG chienngu odoo.modules.registry: Invalidating default model caches from write C:\Users\hp\OneDrive\Documents\odoo-final-project\src\odoo\odoo\addons\base\models\ir_actions.py:84 
2025-06-19 09:56:49,503 27220 INFO chienngu odoo.modules.loading: loading garment_production/views/production_progress_views.xml 
2025-06-19 09:56:49,506 27220 DEBUG chienngu odoo.modules.registry: Invalidating templates model caches from write C:\Users\hp\OneDrive\Documents\odoo-final-project\src\odoo\odoo\addons\base\models\ir_ui_view.py:520 
2025-06-19 09:56:49,507 27220 DEBUG chienngu odoo.modules.registry: Invalidating templates model caches from write C:\Users\hp\OneDrive\Documents\odoo-final-project\src\odoo\odoo\addons\base\models\ir_ui_view.py:520 
2025-06-19 09:56:49,512 27220 DEBUG chienngu odoo.modules.registry: Invalidating templates model caches from write C:\Users\hp\OneDrive\Documents\odoo-final-project\src\odoo\odoo\addons\base\models\ir_ui_view.py:520 
2025-06-19 09:56:49,513 27220 DEBUG chienngu odoo.modules.registry: Invalidating templates model caches from write C:\Users\hp\OneDrive\Documents\odoo-final-project\src\odoo\odoo\addons\base\models\ir_ui_view.py:520 
2025-06-19 09:56:49,517 27220 DEBUG chienngu odoo.modules.registry: Invalidating default model caches from write C:\Users\hp\OneDrive\Documents\odoo-final-project\src\odoo\odoo\addons\base\models\ir_actions.py:84 
2025-06-19 09:56:49,518 27220 INFO chienngu odoo.modules.loading: loading garment_production/views/production_salary_adjust_views.xml 
2025-06-19 09:56:49,522 27220 DEBUG chienngu odoo.modules.registry: Invalidating templates model caches from write C:\Users\hp\OneDrive\Documents\odoo-final-project\src\odoo\odoo\addons\base\models\ir_ui_view.py:520 
2025-06-19 09:56:49,522 27220 DEBUG chienngu odoo.modules.registry: Invalidating templates model caches from write C:\Users\hp\OneDrive\Documents\odoo-final-project\src\odoo\odoo\addons\base\models\ir_ui_view.py:520 
2025-06-19 09:56:49,528 27220 DEBUG chienngu odoo.modules.registry: Invalidating templates model caches from write C:\Users\hp\OneDrive\Documents\odoo-final-project\src\odoo\odoo\addons\base\models\ir_ui_view.py:520 
2025-06-19 09:56:49,528 27220 DEBUG chienngu odoo.modules.registry: Invalidating templates model caches from write C:\Users\hp\OneDrive\Documents\odoo-final-project\src\odoo\odoo\addons\base\models\ir_ui_view.py:520 
2025-06-19 09:56:49,532 27220 DEBUG chienngu odoo.modules.registry: Invalidating default model caches from write C:\Users\hp\OneDrive\Documents\odoo-final-project\src\odoo\odoo\addons\base\models\ir_actions.py:84 
2025-06-19 09:56:49,532 27220 INFO chienngu odoo.modules.loading: loading garment_production/views/production_size_chart_views.xml 
2025-06-19 09:56:49,535 27220 DEBUG chienngu odoo.modules.registry: Invalidating templates model caches from write C:\Users\hp\OneDrive\Documents\odoo-final-project\src\odoo\odoo\addons\base\models\ir_ui_view.py:520 
2025-06-19 09:56:49,536 27220 DEBUG chienngu odoo.modules.registry: Invalidating templates model caches from write C:\Users\hp\OneDrive\Documents\odoo-final-project\src\odoo\odoo\addons\base\models\ir_ui_view.py:520 
2025-06-19 09:56:49,541 27220 DEBUG chienngu odoo.modules.registry: Invalidating templates model caches from write C:\Users\hp\OneDrive\Documents\odoo-final-project\src\odoo\odoo\addons\base\models\ir_ui_view.py:520 
2025-06-19 09:56:49,541 27220 DEBUG chienngu odoo.modules.registry: Invalidating templates model caches from write C:\Users\hp\OneDrive\Documents\odoo-final-project\src\odoo\odoo\addons\base\models\ir_ui_view.py:520 
2025-06-19 09:56:49,545 27220 DEBUG chienngu odoo.modules.registry: Invalidating default model caches from write C:\Users\hp\OneDrive\Documents\odoo-final-project\src\odoo\odoo\addons\base\models\ir_actions.py:84 
2025-06-19 09:56:49,546 27220 INFO chienngu odoo.modules.loading: loading garment_production/views/production_worker_entry_views.xml 
2025-06-19 09:56:49,549 27220 DEBUG chienngu odoo.modules.registry: Invalidating templates model caches from write C:\Users\hp\OneDrive\Documents\odoo-final-project\src\odoo\odoo\addons\base\models\ir_ui_view.py:520 
2025-06-19 09:56:49,550 27220 DEBUG chienngu odoo.modules.registry: Invalidating templates model caches from write C:\Users\hp\OneDrive\Documents\odoo-final-project\src\odoo\odoo\addons\base\models\ir_ui_view.py:520 
2025-06-19 09:56:49,555 27220 DEBUG chienngu odoo.modules.registry: Invalidating templates model caches from write C:\Users\hp\OneDrive\Documents\odoo-final-project\src\odoo\odoo\addons\base\models\ir_ui_view.py:520 
2025-06-19 09:56:49,556 27220 DEBUG chienngu odoo.modules.registry: Invalidating templates model caches from write C:\Users\hp\OneDrive\Documents\odoo-final-project\src\odoo\odoo\addons\base\models\ir_ui_view.py:520 
2025-06-19 09:56:49,560 27220 DEBUG chienngu odoo.modules.registry: Invalidating default model caches from write C:\Users\hp\OneDrive\Documents\odoo-final-project\src\odoo\odoo\addons\base\models\ir_actions.py:84 
2025-06-19 09:56:49,561 27220 INFO chienngu odoo.modules.loading: loading garment_production/views/product_lot_views.xml 
2025-06-19 09:56:49,564 27220 DEBUG chienngu odoo.modules.registry: Invalidating templates model caches from write C:\Users\hp\OneDrive\Documents\odoo-final-project\src\odoo\odoo\addons\base\models\ir_ui_view.py:520 
2025-06-19 09:56:49,565 27220 DEBUG chienngu odoo.modules.registry: Invalidating templates model caches from write C:\Users\hp\OneDrive\Documents\odoo-final-project\src\odoo\odoo\addons\base\models\ir_ui_view.py:520 
2025-06-19 09:56:49,569 27220 DEBUG chienngu odoo.modules.registry: Invalidating templates model caches from write C:\Users\hp\OneDrive\Documents\odoo-final-project\src\odoo\odoo\addons\base\models\ir_ui_view.py:520 
2025-06-19 09:56:49,570 27220 DEBUG chienngu odoo.modules.registry: Invalidating templates model caches from write C:\Users\hp\OneDrive\Documents\odoo-final-project\src\odoo\odoo\addons\base\models\ir_ui_view.py:520 
2025-06-19 09:56:49,574 27220 DEBUG chienngu odoo.modules.registry: Invalidating default model caches from write C:\Users\hp\OneDrive\Documents\odoo-final-project\src\odoo\odoo\addons\base\models\ir_actions.py:84 
2025-06-19 09:56:49,575 27220 INFO chienngu odoo.modules.loading: loading garment_production/views/product_style_views.xml 
2025-06-19 09:56:49,578 27220 DEBUG chienngu odoo.modules.registry: Invalidating templates model caches from write C:\Users\hp\OneDrive\Documents\odoo-final-project\src\odoo\odoo\addons\base\models\ir_ui_view.py:520 
2025-06-19 09:56:49,579 27220 DEBUG chienngu odoo.modules.registry: Invalidating templates model caches from write C:\Users\hp\OneDrive\Documents\odoo-final-project\src\odoo\odoo\addons\base\models\ir_ui_view.py:520 
2025-06-19 09:56:49,583 27220 DEBUG chienngu odoo.modules.registry: Invalidating templates model caches from write C:\Users\hp\OneDrive\Documents\odoo-final-project\src\odoo\odoo\addons\base\models\ir_ui_view.py:520 
2025-06-19 09:56:49,583 27220 DEBUG chienngu odoo.modules.registry: Invalidating templates model caches from write C:\Users\hp\OneDrive\Documents\odoo-final-project\src\odoo\odoo\addons\base\models\ir_ui_view.py:520 
2025-06-19 09:56:49,588 27220 DEBUG chienngu odoo.modules.registry: Invalidating default model caches from write C:\Users\hp\OneDrive\Documents\odoo-final-project\src\odoo\odoo\addons\base\models\ir_actions.py:84 
2025-06-19 09:56:49,588 27220 INFO chienngu odoo.modules.loading: loading garment_production/views/stock_production_inout_views.xml 
2025-06-19 09:56:49,590 27220 DEBUG chienngu odoo.modules.registry: Invalidating templates model caches from write C:\Users\hp\OneDrive\Documents\odoo-final-project\src\odoo\odoo\addons\base\models\ir_ui_view.py:520 
2025-06-19 09:56:49,592 27220 DEBUG chienngu odoo.modules.registry: Invalidating templates model caches from write C:\Users\hp\OneDrive\Documents\odoo-final-project\src\odoo\odoo\addons\base\models\ir_ui_view.py:520 
2025-06-19 09:56:49,597 27220 DEBUG chienngu odoo.modules.registry: Invalidating templates model caches from write C:\Users\hp\OneDrive\Documents\odoo-final-project\src\odoo\odoo\addons\base\models\ir_ui_view.py:520 
2025-06-19 09:56:49,597 27220 DEBUG chienngu odoo.modules.registry: Invalidating templates model caches from write C:\Users\hp\OneDrive\Documents\odoo-final-project\src\odoo\odoo\addons\base\models\ir_ui_view.py:520 
2025-06-19 09:56:49,601 27220 DEBUG chienngu odoo.modules.registry: Invalidating default model caches from write C:\Users\hp\OneDrive\Documents\odoo-final-project\src\odoo\odoo\addons\base\models\ir_actions.py:84 
2025-06-19 09:56:49,610 27220 DEBUG chienngu odoo.modules.registry: Invalidating default model caches from write C:\Users\hp\OneDrive\Documents\odoo-final-project\src\odoo\odoo\addons\base\models\ir_actions.py:84 
2025-06-19 09:56:49,610 27220 DEBUG chienngu odoo.modules.registry: Invalidating default model caches from write C:\Users\hp\OneDrive\Documents\odoo-final-project\src\odoo\odoo\addons\base\models\ir_actions.py:84 
2025-06-19 09:56:49,629 27220 INFO chienngu odoo.modules.loading: Module garment_production loaded in 0.50s, 556 queries (+556 other) 
2025-06-19 09:56:49,629 27220 DEBUG chienngu odoo.modules.loading: Loading module garment_sample (21/23) 
2025-06-19 09:56:49,631 27220 DEBUG chienngu odoo.modules.loading: Module garment_sample loaded in 0.00s, 0 queries 
2025-06-19 09:56:49,631 27220 DEBUG chienngu odoo.modules.loading: Loading module web_mobile (22/23) 
2025-06-19 09:56:49,633 27220 DEBUG chienngu odoo.modules.loading: Module web_mobile loaded in 0.00s, 0 queries 
2025-06-19 09:56:49,633 27220 DEBUG chienngu odoo.modules.loading: Loading module web_unsplash (23/23) 
2025-06-19 09:56:49,640 27220 DEBUG chienngu odoo.modules.loading: Module web_unsplash loaded in 0.01s, 0 queries 
2025-06-19 09:56:49,640 27220 INFO chienngu odoo.modules.loading: 23 modules loaded in 0.68s, 556 queries (+556 extra) 
2025-06-19 09:56:49,654 27220 WARNING chienngu odoo.fields: Field garment.receipt.line.from_type: unknown parameter 'invisible', if this is an actual parameter you may want to override the method _valid_field_parameter on the relevant model in order to allow it 
2025-06-19 09:56:49,654 27220 WARNING chienngu odoo.fields: Field product.style.code: unknown parameter 'unique', if this is an actual parameter you may want to override the method _valid_field_parameter on the relevant model in order to allow it 
2025-06-19 09:56:49,654 27220 WARNING chienngu odoo.fields: Field production.order.name: unknown parameter 'unique', if this is an actual parameter you may want to override the method _valid_field_parameter on the relevant model in order to allow it 
2025-06-19 09:56:49,654 27220 WARNING chienngu odoo.fields: Field production.bundle.bundle_no: unknown parameter 'unique', if this is an actual parameter you may want to override the method _valid_field_parameter on the relevant model in order to allow it 
2025-06-19 09:56:49,654 27220 WARNING chienngu odoo.fields: Field product.lot.lot_code: unknown parameter 'unique', if this is an actual parameter you may want to override the method _valid_field_parameter on the relevant model in order to allow it 
2025-06-19 09:56:49,680 27220 DEBUG chienngu odoo.models: column web is in the table ir_module_module but not in the corresponding object ir.module.module 
2025-06-19 09:56:49,692 27220 DEBUG chienngu odoo.models: column password is in the table res_users but not in the corresponding object res.users 
2025-06-19 09:56:49,692 27220 DEBUG chienngu odoo.models: column totp_secret is in the table res_users but not in the corresponding object res.users 
2025-06-19 09:56:49,693 27220 DEBUG chienngu odoo.models: column index is in the table res_users_apikeys but not in the corresponding object res.users.apikeys 
2025-06-19 09:56:49,693 27220 DEBUG chienngu odoo.models: column key is in the table res_users_apikeys but not in the corresponding object res.users.apikeys 
2025-06-19 09:56:49,699 27220 DEBUG chienngu odoo.models: column index is in the table auth_totp_device but not in the corresponding object auth_totp.device 
2025-06-19 09:56:49,699 27220 DEBUG chienngu odoo.models: column key is in the table auth_totp_device but not in the corresponding object auth_totp.device 
2025-06-19 09:56:49,718 27220 INFO chienngu odoo.modules.loading: Modules loaded. 
2025-06-19 09:56:49,721 27220 INFO chienngu odoo.modules.registry: Registry loaded in 0.771s 
2025-06-19 09:56:49,722 27220 INFO chienngu odoo.addons.base.models.ir_http: Generating routing map for key None 
2025-06-19 09:56:50,029 27220 WARNING chienngu odoo.addons.base.models.ir_qweb: Found deprecated directive @t-esc="title or 'Odoo'" in template 180. Replace by @t-out 
2025-06-19 09:56:50,029 27220 WARNING chienngu odoo.addons.base.models.ir_qweb: Found deprecated directive @t-esc='request.csrf_token(None)' in template 180. Replace by @t-out 
2025-06-19 09:56:50,030 27220 WARNING chienngu odoo.addons.base.models.ir_qweb: Found deprecated directive @t-esc='debug' in template 180. Replace by @t-out 
2025-06-19 09:56:50,033 27220 INFO chienngu odoo.modules.registry: Caches invalidated, signaling through the database: ['default', 'templates'] 
2025-06-19 09:56:50,072 27220 INFO chienngu werkzeug: 127.0.0.1 - - [19/Jun/2025 09:56:50] "GET /web HTTP/1.1" 200 - 793 0.349 0.775
2025-06-19 09:56:50,199 27220 DEBUG ? odoo.modules.module: module CONTRIBUTING.md: no manifest file found ('__manifest__.py', '__openerp__.py') 
2025-06-19 09:56:50,199 27220 DEBUG ? odoo.modules.module: module COPYRIGHT: no manifest file found ('__manifest__.py', '__openerp__.py') 
2025-06-19 09:56:50,205 27220 DEBUG ? odoo.modules.module: module l10n_generic_coa: no manifest file found ('__manifest__.py', '__openerp__.py') 
2025-06-19 09:56:50,210 27220 DEBUG ? odoo.modules.module: module LICENSE: no manifest file found ('__manifest__.py', '__openerp__.py') 
2025-06-19 09:56:50,216 27220 DEBUG ? odoo.modules.module: module README.md: no manifest file found ('__manifest__.py', '__openerp__.py') 
2025-06-19 09:56:50,224 27220 DEBUG ? odoo.modules.module: module __init__.py: no manifest file found ('__manifest__.py', '__openerp__.py') 
2025-06-19 09:56:50,224 27220 DEBUG ? odoo.modules.module: module __pycache__: no manifest file found ('__manifest__.py', '__openerp__.py') 
2025-06-19 09:56:50,278 27220 INFO chienngu werkzeug: 127.0.0.1 - - [19/Jun/2025 09:56:50] "POST /web/action/load HTTP/1.1" 200 - 11 0.008 0.081
2025-06-19 09:56:50,501 27220 DEBUG chienngu odoo.api: call production.order().get_views(options={'action_id': 136, 'load_filters': True, 'toolbar': True}, views=[[328, 'list'], [329, 'form'], [331, 'kanban'], [False, 'pivot'], [False, 'graph'], [False, 'search']]) 
2025-06-19 09:56:50,683 27220 INFO chienngu werkzeug: 127.0.0.1 - - [19/Jun/2025 09:56:50] "GET /web/manifest.webmanifest HTTP/1.1" 200 - 10 0.020 0.151
2025-06-19 09:56:50,683 27220 INFO chienngu werkzeug: 127.0.0.1 - - [19/Jun/2025 09:56:50] "POST /web/dataset/call_kw/production.order/get_views HTTP/1.1" 200 - 53 0.026 0.159
2025-06-19 09:56:50,690 27220 INFO chienngu werkzeug: 127.0.0.1 - - [19/Jun/2025 09:56:50] "GET /bus/websocket_worker_bundle?v=1.0.7 HTTP/1.1" 304 - 4 0.002 0.097
2025-06-19 09:56:50,713 27220 INFO chienngu werkzeug: 127.0.0.1 - - [19/Jun/2025 09:56:50] "GET /web/image?model=res.users&field=avatar_128&id=2 HTTP/1.1" 304 - 22 0.021 0.163
2025-06-19 09:56:50,960 27220 DEBUG ? odoo.service.server: cron0 polling for jobs 
2025-06-19 09:56:51,011 27220 DEBUG chienngu odoo.api: call production.order(3,).web_read(specification={'state': {}, 'line_count': {}, 'image': {}, 'write_date': {}, 'name': {}, 'sample_name': {}, 'garment_order_id': {'fields': {'display_name': {}}, 'context': {'default_state': 'confirmed'}}, 'order_name': {}, 'order_number': {}, 'client': {}, 'delivery_date': {}, 'planned_date': {}, 'quantity': {}, 'sample_id': {'fields': {'display_name': {}}}, 'sample_code': {}, 'brand': {}, 'development_date': {}, 'designer': {}, 'finance_state': {}, 'cost_total': {}, 'progress_percentage': {}, 'line_ids': {'fields': {'size': {}, 'color': {}, 'planned_qty': {}, 'done_qty': {}, 'progress': {}, 'completion_status': {}, 'bundle_ids': {'fields': {'bundle_no': {}, 'qty': {}, 'is_completed': {}}, 'limit': 40, 'order': ''}}, 'limit': 40, 'order': ''}, 'material_ids': {'fields': {'name': {}, 'item_number': {}, 'specification': {}, 'unit': {}, 'quantity': {}, 'total_usage': {}, 'unit_price': {}}, 'limit': 40, 'order': ''}, 'process_ids': {'fields': {'sequence': {}, 'name': {}, 'unit_price': {}, 'multiplier': {}, 'quantity': {}, 'total_price': {}, 'note': {}}, 'limit': 40, 'order': 'sequence ASC'}, 'process_requirements': {}, 'cost_ids': {'fields': {'note': {}, 'amount': {}, 'cost_type': {}}, 'limit': 40, 'order': '', 'context': {'default_cost_type': 'other'}}, 'total_other_cost': {}, 'total_material_cost': {}, 'total_process_cost': {}, 'display_name': {}}) 
2025-06-19 09:56:51,014 27220 INFO chienngu werkzeug: 127.0.0.1 - - [19/Jun/2025 09:56:51] "GET /websocket HTTP/1.1" 101 - 1 0.001 0.004
2025-06-19 09:56:51,020 27220 INFO ? odoo.addons.bus.models.bus: Bus.loop listen imbus on db postgres 
2025-06-19 09:56:51,055 27220 INFO chienngu werkzeug: 127.0.0.1 - - [19/Jun/2025 09:56:51] "POST /web/dataset/call_kw/production.order/web_read HTTP/1.1" 200 - 29 0.024 0.023
2025-06-19 09:56:51,381 27220 DEBUG chienngu odoo.api: call ir.ui.view(329,).read(['name', 'model']) 
2025-06-19 09:56:51,383 27220 INFO chienngu werkzeug: 127.0.0.1 - - [19/Jun/2025 09:56:51] "POST /web/dataset/call_kw/ir.ui.view/read HTTP/1.1" 200 - 4 0.001 0.003
2025-06-19 09:56:52,333 27220 INFO chienngu werkzeug: 127.0.0.1 - - [19/Jun/2025 09:56:52] "GET /web/service-worker.js HTTP/1.1" 200 - 1 0.001 0.001
2025-06-19 09:56:54,042 27220 DEBUG ? odoo.service.server: cron1 polling for jobs 
2025-06-19 09:57:50,971 27220 DEBUG ? odoo.service.server: cron0 polling for jobs 
2025-06-19 09:57:55,057 27220 DEBUG ? odoo.service.server: cron1 polling for jobs 
2025-06-19 09:58:11,650 27220 WARNING chienngu odoo.addons.base.models.ir_qweb: Found deprecated directive @t-esc="title or 'Odoo'" in template 180. Replace by @t-out 
2025-06-19 09:58:11,650 27220 WARNING chienngu odoo.addons.base.models.ir_qweb: Found deprecated directive @t-esc='request.csrf_token(None)' in template 180. Replace by @t-out 
2025-06-19 09:58:11,650 27220 WARNING chienngu odoo.addons.base.models.ir_qweb: Found deprecated directive @t-esc='debug' in template 180. Replace by @t-out 
2025-06-19 09:58:11,653 27220 INFO chienngu werkzeug: 127.0.0.1 - - [19/Jun/2025 09:58:11] "GET /web HTTP/1.1" 200 - 42 0.016 0.201
2025-06-19 09:58:11,743 27220 INFO chienngu werkzeug: 127.0.0.1 - - [19/Jun/2025 09:58:11] "POST /web/action/load HTTP/1.1" 200 - 10 0.006 0.006
2025-06-19 09:58:12,046 27220 DEBUG chienngu odoo.api: call production.order().get_views(options={'action_id': 136, 'load_filters': True, 'toolbar': True}, views=[[328, 'list'], [329, 'form'], [331, 'kanban'], [False, 'pivot'], [False, 'graph'], [False, 'search']]) 
2025-06-19 09:58:12,097 27220 INFO chienngu werkzeug: 127.0.0.1 - - [19/Jun/2025 09:58:12] "POST /web/dataset/call_kw/production.order/get_views HTTP/1.1" 200 - 22 0.011 0.043
2025-06-19 09:58:12,105 27220 INFO chienngu werkzeug: 127.0.0.1 - - [19/Jun/2025 09:58:12] "GET /web/manifest.webmanifest HTTP/1.1" 200 - 9 0.006 0.040
2025-06-19 09:58:12,108 27220 INFO chienngu werkzeug: 127.0.0.1 - - [19/Jun/2025 09:58:12] "GET /bus/websocket_worker_bundle?v=1.0.7 HTTP/1.1" 304 - 4 0.008 0.039
2025-06-19 09:58:12,116 27220 INFO chienngu werkzeug: 127.0.0.1 - - [19/Jun/2025 09:58:12] "GET /web/image?model=res.users&field=avatar_128&id=2 HTTP/1.1" 304 - 22 0.011 0.045
2025-06-19 09:58:12,419 27220 DEBUG chienngu odoo.api: call production.order(3,).web_read(specification={'state': {}, 'line_count': {}, 'image': {}, 'write_date': {}, 'name': {}, 'sample_name': {}, 'garment_order_id': {'fields': {'display_name': {}}, 'context': {'default_state': 'confirmed'}}, 'order_name': {}, 'order_number': {}, 'client': {}, 'delivery_date': {}, 'planned_date': {}, 'quantity': {}, 'sample_id': {'fields': {'display_name': {}}}, 'sample_code': {}, 'brand': {}, 'development_date': {}, 'designer': {}, 'finance_state': {}, 'cost_total': {}, 'progress_percentage': {}, 'line_ids': {'fields': {'size': {}, 'color': {}, 'planned_qty': {}, 'done_qty': {}, 'progress': {}, 'completion_status': {}, 'bundle_ids': {'fields': {'bundle_no': {}, 'qty': {}, 'is_completed': {}}, 'limit': 40, 'order': ''}}, 'limit': 40, 'order': ''}, 'material_ids': {'fields': {'name': {}, 'item_number': {}, 'specification': {}, 'unit': {}, 'quantity': {}, 'total_usage': {}, 'unit_price': {}}, 'limit': 40, 'order': ''}, 'process_ids': {'fields': {'sequence': {}, 'name': {}, 'unit_price': {}, 'multiplier': {}, 'quantity': {}, 'total_price': {}, 'note': {}}, 'limit': 40, 'order': 'sequence ASC'}, 'process_requirements': {}, 'cost_ids': {'fields': {'note': {}, 'amount': {}, 'cost_type': {}}, 'limit': 40, 'order': '', 'context': {'default_cost_type': 'other'}}, 'total_other_cost': {}, 'total_material_cost': {}, 'total_process_cost': {}, 'display_name': {}}) 
2025-06-19 09:58:12,422 27220 INFO chienngu werkzeug: 127.0.0.1 - - [19/Jun/2025 09:58:12] "GET /websocket HTTP/1.1" 101 - 1 0.001 0.004
2025-06-19 09:58:12,439 27220 INFO chienngu werkzeug: 127.0.0.1 - - [19/Jun/2025 09:58:12] "POST /web/dataset/call_kw/production.order/web_read HTTP/1.1" 200 - 29 0.017 0.005
2025-06-19 09:58:12,765 27220 DEBUG chienngu odoo.api: call ir.ui.view(329,).read(['name', 'model']) 
2025-06-19 09:58:12,768 27220 INFO chienngu werkzeug: 127.0.0.1 - - [19/Jun/2025 09:58:12] "POST /web/dataset/call_kw/ir.ui.view/read HTTP/1.1" 200 - 4 0.003 0.004
2025-06-19 09:58:13,688 27220 INFO chienngu werkzeug: 127.0.0.1 - - [19/Jun/2025 09:58:13] "GET /web/service-worker.js HTTP/1.1" 200 - 1 0.000 0.003
2025-06-19 09:58:29,125 27220 DEBUG chienngu odoo.api: call production.order().web_search_read(count_limit=10001, domain=[], limit=80, offset=0, order='', specification={'name': {}, 'sample_name': {}, 'client': {}, 'quantity': {}, 'progress_percentage': {}, 'cost_total': {}, 'planned_date': {}, 'state': {}, 'finance_state': {}}) 
2025-06-19 09:58:29,125 27220 DEBUG chienngu odoo.api: call res.users().has_group('base.group_allow_export') 
2025-06-19 09:58:29,126 27220 INFO chienngu werkzeug: 127.0.0.1 - - [19/Jun/2025 09:58:29] "POST /web/dataset/call_kw/res.users/has_group HTTP/1.1" 200 - 2 0.003 0.001
2025-06-19 09:58:29,133 27220 INFO chienngu werkzeug: 127.0.0.1 - - [19/Jun/2025 09:58:29] "POST /web/dataset/call_kw/production.order/web_search_read HTTP/1.1" 200 - 12 0.008 0.004
2025-06-19 09:58:29,388 27220 DEBUG chienngu odoo.api: call ir.ui.view(328,).read(['name', 'model']) 
2025-06-19 09:58:29,390 27220 INFO chienngu werkzeug: 127.0.0.1 - - [19/Jun/2025 09:58:29] "POST /web/dataset/call_kw/ir.ui.view/read HTTP/1.1" 200 - 4 0.002 0.003
2025-06-19 09:58:30,881 27220 DEBUG chienngu odoo.api: call production.order(3,).web_read(specification={'state': {}, 'line_count': {}, 'image': {}, 'write_date': {}, 'name': {}, 'sample_name': {}, 'garment_order_id': {'fields': {'display_name': {}}, 'context': {'default_state': 'confirmed'}}, 'order_name': {}, 'order_number': {}, 'client': {}, 'delivery_date': {}, 'planned_date': {}, 'quantity': {}, 'sample_id': {'fields': {'display_name': {}}}, 'sample_code': {}, 'brand': {}, 'development_date': {}, 'designer': {}, 'finance_state': {}, 'cost_total': {}, 'progress_percentage': {}, 'line_ids': {'fields': {'size': {}, 'color': {}, 'planned_qty': {}, 'done_qty': {}, 'progress': {}, 'completion_status': {}, 'bundle_ids': {'fields': {'bundle_no': {}, 'qty': {}, 'is_completed': {}}, 'limit': 40, 'order': ''}}, 'limit': 40, 'order': ''}, 'material_ids': {'fields': {'name': {}, 'item_number': {}, 'specification': {}, 'unit': {}, 'quantity': {}, 'total_usage': {}, 'unit_price': {}}, 'limit': 40, 'order': ''}, 'process_ids': {'fields': {'sequence': {}, 'name': {}, 'unit_price': {}, 'multiplier': {}, 'quantity': {}, 'total_price': {}, 'note': {}}, 'limit': 40, 'order': 'sequence ASC'}, 'process_requirements': {}, 'cost_ids': {'fields': {'note': {}, 'amount': {}, 'cost_type': {}}, 'limit': 40, 'order': '', 'context': {'default_cost_type': 'other'}}, 'total_other_cost': {}, 'total_material_cost': {}, 'total_process_cost': {}, 'display_name': {}}) 
2025-06-19 09:58:30,895 27220 INFO chienngu werkzeug: 127.0.0.1 - - [19/Jun/2025 09:58:30] "POST /web/dataset/call_kw/production.order/web_read HTTP/1.1" 200 - 29 0.013 0.003
2025-06-19 09:58:31,220 27220 DEBUG chienngu odoo.api: call ir.ui.view(329,).read(['name', 'model']) 
2025-06-19 09:58:31,223 27220 INFO chienngu werkzeug: 127.0.0.1 - - [19/Jun/2025 09:58:31] "POST /web/dataset/call_kw/ir.ui.view/read HTTP/1.1" 200 - 4 0.001 0.005
2025-06-19 09:58:31,945 27220 DEBUG chienngu odoo.api: call production.order().web_search_read(count_limit=10001, domain=[], limit=80, offset=0, order='', specification={'name': {}, 'sample_name': {}, 'client': {}, 'quantity': {}, 'progress_percentage': {}, 'cost_total': {}, 'planned_date': {}, 'state': {}, 'finance_state': {}}) 
2025-06-19 09:58:31,952 27220 INFO chienngu werkzeug: 127.0.0.1 - - [19/Jun/2025 09:58:31] "POST /web/dataset/call_kw/production.order/web_search_read HTTP/1.1" 200 - 12 0.007 0.002
2025-06-19 09:58:32,266 27220 DEBUG chienngu odoo.api: call ir.ui.view(328,).read(['name', 'model']) 
2025-06-19 09:58:32,269 27220 INFO chienngu werkzeug: 127.0.0.1 - - [19/Jun/2025 09:58:32] "POST /web/dataset/call_kw/ir.ui.view/read HTTP/1.1" 200 - 4 0.002 0.004
2025-06-19 09:58:32,792 27220 DEBUG chienngu odoo.api: call production.order(1,).web_read(specification={'state': {}, 'line_count': {}, 'image': {}, 'write_date': {}, 'name': {}, 'sample_name': {}, 'garment_order_id': {'fields': {'display_name': {}}, 'context': {'default_state': 'confirmed'}}, 'order_name': {}, 'order_number': {}, 'client': {}, 'delivery_date': {}, 'planned_date': {}, 'quantity': {}, 'sample_id': {'fields': {'display_name': {}}}, 'sample_code': {}, 'brand': {}, 'development_date': {}, 'designer': {}, 'finance_state': {}, 'cost_total': {}, 'progress_percentage': {}, 'line_ids': {'fields': {'size': {}, 'color': {}, 'planned_qty': {}, 'done_qty': {}, 'progress': {}, 'completion_status': {}, 'bundle_ids': {'fields': {'bundle_no': {}, 'qty': {}, 'is_completed': {}}, 'limit': 40, 'order': ''}}, 'limit': 40, 'order': ''}, 'material_ids': {'fields': {'name': {}, 'item_number': {}, 'specification': {}, 'unit': {}, 'quantity': {}, 'total_usage': {}, 'unit_price': {}}, 'limit': 40, 'order': ''}, 'process_ids': {'fields': {'sequence': {}, 'name': {}, 'unit_price': {}, 'multiplier': {}, 'quantity': {}, 'total_price': {}, 'note': {}}, 'limit': 40, 'order': 'sequence ASC'}, 'process_requirements': {}, 'cost_ids': {'fields': {'note': {}, 'amount': {}, 'cost_type': {}}, 'limit': 40, 'order': '', 'context': {'default_cost_type': 'other'}}, 'total_other_cost': {}, 'total_material_cost': {}, 'total_process_cost': {}, 'display_name': {}}) 
2025-06-19 09:58:32,807 27220 INFO chienngu werkzeug: 127.0.0.1 - - [19/Jun/2025 09:58:32] "POST /web/dataset/call_kw/production.order/web_read HTTP/1.1" 200 - 35 0.012 0.007
2025-06-19 09:58:33,128 27220 DEBUG chienngu odoo.api: call ir.ui.view(329,).read(['name', 'model']) 
2025-06-19 09:58:33,131 27220 INFO chienngu werkzeug: 127.0.0.1 - - [19/Jun/2025 09:58:33] "POST /web/dataset/call_kw/ir.ui.view/read HTTP/1.1" 200 - 4 0.002 0.003
2025-06-19 09:58:33,634 27220 DEBUG chienngu odoo.api: call production.order().web_search_read(count_limit=10001, domain=[], limit=80, offset=0, order='', specification={'name': {}, 'sample_name': {}, 'client': {}, 'quantity': {}, 'progress_percentage': {}, 'cost_total': {}, 'planned_date': {}, 'state': {}, 'finance_state': {}}) 
2025-06-19 09:58:33,642 27220 INFO chienngu werkzeug: 127.0.0.1 - - [19/Jun/2025 09:58:33] "POST /web/dataset/call_kw/production.order/web_search_read HTTP/1.1" 200 - 12 0.004 0.006
2025-06-19 09:58:33,956 27220 DEBUG chienngu odoo.api: call ir.ui.view(328,).read(['name', 'model']) 
2025-06-19 09:58:33,957 27220 INFO chienngu werkzeug: 127.0.0.1 - - [19/Jun/2025 09:58:33] "POST /web/dataset/call_kw/ir.ui.view/read HTTP/1.1" 200 - 4 0.002 0.001
2025-06-19 09:58:34,426 27220 DEBUG chienngu odoo.api: call production.order(2,).web_read(specification={'state': {}, 'line_count': {}, 'image': {}, 'write_date': {}, 'name': {}, 'sample_name': {}, 'garment_order_id': {'fields': {'display_name': {}}, 'context': {'default_state': 'confirmed'}}, 'order_name': {}, 'order_number': {}, 'client': {}, 'delivery_date': {}, 'planned_date': {}, 'quantity': {}, 'sample_id': {'fields': {'display_name': {}}}, 'sample_code': {}, 'brand': {}, 'development_date': {}, 'designer': {}, 'finance_state': {}, 'cost_total': {}, 'progress_percentage': {}, 'line_ids': {'fields': {'size': {}, 'color': {}, 'planned_qty': {}, 'done_qty': {}, 'progress': {}, 'completion_status': {}, 'bundle_ids': {'fields': {'bundle_no': {}, 'qty': {}, 'is_completed': {}}, 'limit': 40, 'order': ''}}, 'limit': 40, 'order': ''}, 'material_ids': {'fields': {'name': {}, 'item_number': {}, 'specification': {}, 'unit': {}, 'quantity': {}, 'total_usage': {}, 'unit_price': {}}, 'limit': 40, 'order': ''}, 'process_ids': {'fields': {'sequence': {}, 'name': {}, 'unit_price': {}, 'multiplier': {}, 'quantity': {}, 'total_price': {}, 'note': {}}, 'limit': 40, 'order': 'sequence ASC'}, 'process_requirements': {}, 'cost_ids': {'fields': {'note': {}, 'amount': {}, 'cost_type': {}}, 'limit': 40, 'order': '', 'context': {'default_cost_type': 'other'}}, 'total_other_cost': {}, 'total_material_cost': {}, 'total_process_cost': {}, 'display_name': {}}) 
2025-06-19 09:58:34,446 27220 INFO chienngu werkzeug: 127.0.0.1 - - [19/Jun/2025 09:58:34] "POST /web/dataset/call_kw/production.order/web_read HTTP/1.1" 200 - 35 0.013 0.008
2025-06-19 09:58:34,762 27220 DEBUG chienngu odoo.api: call ir.ui.view(329,).read(['name', 'model']) 
2025-06-19 09:58:34,764 27220 INFO chienngu werkzeug: 127.0.0.1 - - [19/Jun/2025 09:58:34] "POST /web/dataset/call_kw/ir.ui.view/read HTTP/1.1" 200 - 4 0.003 0.002
2025-06-19 09:58:50,980 27220 DEBUG ? odoo.service.server: cron0 polling for jobs 
2025-06-19 09:58:56,078 27220 DEBUG ? odoo.service.server: cron1 polling for jobs 
2025-06-19 09:59:50,991 27220 DEBUG ? odoo.service.server: cron0 polling for jobs 
2025-06-19 09:59:57,104 27220 DEBUG ? odoo.service.server: cron1 polling for jobs 
2025-06-19 10:00:51,002 27220 DEBUG ? odoo.service.server: cron0 polling for jobs 
2025-06-19 10:00:58,126 27220 DEBUG ? odoo.service.server: cron1 polling for jobs 
2025-06-19 10:01:51,004 27220 DEBUG ? odoo.service.server: cron0 polling for jobs 
2025-06-19 10:01:59,139 27220 DEBUG ? odoo.service.server: cron1 polling for jobs 
2025-06-19 10:02:51,011 27220 DEBUG ? odoo.service.server: cron0 polling for jobs 
2025-06-19 10:03:00,151 27220 DEBUG ? odoo.service.server: cron1 polling for jobs 
2025-06-19 10:03:51,021 27220 DEBUG ? odoo.service.server: cron0 polling for jobs 
2025-06-19 10:04:01,172 27220 DEBUG ? odoo.service.server: cron1 polling for jobs 
2025-06-19 10:04:51,023 27220 DEBUG ? odoo.service.server: cron0 polling for jobs 
2025-06-19 10:05:02,196 27220 DEBUG ? odoo.service.server: cron1 polling for jobs 
2025-06-19 10:05:51,038 27220 DEBUG ? odoo.service.server: cron0 polling for jobs 
2025-06-19 10:06:03,208 27220 DEBUG ? odoo.service.server: cron1 polling for jobs 
2025-06-19 10:06:51,050 27220 DEBUG ? odoo.service.server: cron0 polling for jobs 
2025-06-19 10:07:04,223 27220 DEBUG ? odoo.service.server: cron1 polling for jobs 
2025-06-19 10:07:51,060 27220 DEBUG ? odoo.service.server: cron0 polling for jobs 
2025-06-19 10:08:05,238 27220 DEBUG ? odoo.service.server: cron1 polling for jobs 
2025-06-19 10:08:51,070 27220 DEBUG ? odoo.service.server: cron0 polling for jobs 
2025-06-19 10:09:06,260 27220 DEBUG ? odoo.service.server: cron1 polling for jobs 
2025-06-19 10:09:51,087 27220 DEBUG ? odoo.service.server: cron0 polling for jobs 
2025-06-19 10:10:07,283 27220 DEBUG ? odoo.service.server: cron1 polling for jobs 
2025-06-19 10:10:51,097 27220 DEBUG ? odoo.service.server: cron0 polling for jobs 
2025-06-19 10:11:08,299 27220 DEBUG ? odoo.service.server: cron1 polling for jobs 
2025-06-19 10:11:51,109 27220 DEBUG ? odoo.service.server: cron0 polling for jobs 
2025-06-19 10:12:09,319 27220 DEBUG ? odoo.service.server: cron1 polling for jobs 
2025-06-19 10:12:51,118 27220 DEBUG ? odoo.service.server: cron0 polling for jobs 
2025-06-19 10:13:10,333 27220 DEBUG ? odoo.service.server: cron1 polling for jobs 
2025-06-19 10:13:51,128 27220 DEBUG ? odoo.service.server: cron0 polling for jobs 
2025-06-19 10:14:11,354 27220 DEBUG ? odoo.service.server: cron1 polling for jobs 
2025-06-19 10:14:51,140 27220 DEBUG ? odoo.service.server: cron0 polling for jobs 
2025-06-19 10:15:12,372 27220 DEBUG ? odoo.service.server: cron1 polling for jobs 
2025-06-19 10:15:51,154 27220 DEBUG ? odoo.service.server: cron0 polling for jobs 
2025-06-19 10:16:13,389 27220 DEBUG ? odoo.service.server: cron1 polling for jobs 
2025-06-19 10:16:51,164 27220 DEBUG ? odoo.service.server: cron0 polling for jobs 
2025-06-19 10:17:14,411 27220 DEBUG ? odoo.service.server: cron1 polling for jobs 
2025-06-19 10:17:51,171 27220 DEBUG ? odoo.service.server: cron0 polling for jobs 
2025-06-19 10:18:15,434 27220 DEBUG ? odoo.service.server: cron1 polling for jobs 
2025-06-19 10:18:51,185 27220 DEBUG ? odoo.service.server: cron0 polling for jobs 
2025-06-19 10:19:16,451 27220 DEBUG ? odoo.service.server: cron1 polling for jobs 
2025-06-19 10:19:51,197 27220 DEBUG ? odoo.service.server: cron0 polling for jobs 
2025-06-19 10:20:17,467 27220 DEBUG ? odoo.service.server: cron1 polling for jobs 
2025-06-19 10:20:51,204 27220 DEBUG ? odoo.service.server: cron0 polling for jobs 
2025-06-19 10:21:18,481 27220 DEBUG ? odoo.service.server: cron1 polling for jobs 
2025-06-19 10:21:51,207 27220 DEBUG ? odoo.service.server: cron0 polling for jobs 
2025-06-19 10:22:19,499 27220 DEBUG ? odoo.service.server: cron1 polling for jobs 
2025-06-19 10:22:51,217 27220 DEBUG ? odoo.service.server: cron0 polling for jobs 
2025-06-19 10:23:20,511 27220 DEBUG ? odoo.service.server: cron1 polling for jobs 
2025-06-19 10:23:51,230 27220 DEBUG ? odoo.service.server: cron0 polling for jobs 
2025-06-19 10:24:21,536 27220 DEBUG ? odoo.service.server: cron1 polling for jobs 
2025-06-19 10:24:51,240 27220 DEBUG ? odoo.service.server: cron0 polling for jobs 
2025-06-19 10:25:22,558 27220 DEBUG ? odoo.service.server: cron1 polling for jobs 
2025-06-19 10:25:51,249 27220 DEBUG ? odoo.service.server: cron0 polling for jobs 
2025-06-19 10:26:23,579 27220 DEBUG ? odoo.service.server: cron1 polling for jobs 
2025-06-19 10:26:51,261 27220 DEBUG ? odoo.service.server: cron0 polling for jobs 
2025-06-19 10:27:24,599 27220 DEBUG ? odoo.service.server: cron1 polling for jobs 
2025-06-19 10:27:51,266 27220 DEBUG ? odoo.service.server: cron0 polling for jobs 
2025-06-19 10:28:25,621 27220 DEBUG ? odoo.service.server: cron1 polling for jobs 
2025-06-19 10:28:51,277 27220 DEBUG ? odoo.service.server: cron0 polling for jobs 
2025-06-19 10:29:26,644 27220 DEBUG ? odoo.service.server: cron1 polling for jobs 
2025-06-19 10:29:51,288 27220 DEBUG ? odoo.service.server: cron0 polling for jobs 
2025-06-19 10:30:27,656 27220 DEBUG ? odoo.service.server: cron1 polling for jobs 
2025-06-19 10:30:51,303 27220 DEBUG ? odoo.service.server: cron0 polling for jobs 
2025-06-19 10:31:28,672 27220 DEBUG ? odoo.service.server: cron1 polling for jobs 
2025-06-19 10:31:51,307 27220 DEBUG ? odoo.service.server: cron0 polling for jobs 
2025-06-19 10:32:29,684 27220 DEBUG ? odoo.service.server: cron1 polling for jobs 
2025-06-19 10:32:51,320 27220 DEBUG ? odoo.service.server: cron0 polling for jobs 
2025-06-19 10:33:30,696 27220 DEBUG ? odoo.service.server: cron1 polling for jobs 
2025-06-19 10:33:51,329 27220 DEBUG ? odoo.service.server: cron0 polling for jobs 
2025-06-19 10:34:31,719 27220 DEBUG ? odoo.service.server: cron1 polling for jobs 
2025-06-19 10:34:51,332 27220 DEBUG ? odoo.service.server: cron0 polling for jobs 
2025-06-19 10:35:32,742 27220 DEBUG ? odoo.service.server: cron1 polling for jobs 
2025-06-19 10:35:51,348 27220 DEBUG ? odoo.service.server: cron0 polling for jobs 
2025-06-19 10:36:33,761 27220 DEBUG ? odoo.service.server: cron1 polling for jobs 
2025-06-19 10:36:51,359 27220 DEBUG ? odoo.service.server: cron0 polling for jobs 
2025-06-19 10:37:34,775 27220 DEBUG ? odoo.service.server: cron1 polling for jobs 
2025-06-19 10:37:51,374 27220 DEBUG ? odoo.service.server: cron0 polling for jobs 
2025-06-19 10:38:11,351 27220 INFO chienngu werkzeug: 127.0.0.1 - - [19/Jun/2025 10:38:11] "GET /websocket HTTP/1.1" 101 - 1 0.000 0.009
2025-06-19 20:23:04,043 27220 DEBUG ? odoo.service.server: cron1 polling for jobs 
2025-06-19 20:23:04,050 27220 DEBUG ? odoo.service.server: cron0 polling for jobs 
2025-06-19 20:23:04,492 27220 DEBUG chienngu odoo.addons.base.models.ir_cron: job 1 acquired 
2025-06-19 20:23:04,704 27220 DEBUG chienngu odoo.addons.base.models.ir_cron: another worker is processing job 1, skip 
2025-06-19 20:23:04,705 27220 DEBUG chienngu odoo.addons.base.models.ir_cron: job 2 acquired 
2025-06-19 20:23:05,089 27220 DEBUG chienngu odoo.addons.base.models.ir_cron: cron.object.execute('chienngu', 1, '*', 'Base: Auto-vacuum internal data', 34) 
2025-06-19 20:23:05,089 27220 INFO chienngu odoo.addons.base.models.ir_cron: Starting job `Base: Auto-vacuum internal data`. 
2025-06-19 20:23:05,091 27220 DEBUG chienngu odoo.addons.base.models.ir_cron: cron.object.execute('chienngu', 1, '*', 'Base: Portal Users Deletion', 35) 
2025-06-19 20:23:05,091 27220 INFO chienngu odoo.addons.base.models.ir_cron: Starting job `Base: Portal Users Deletion`. 
2025-06-19 20:23:05,112 27220 DEBUG chienngu odoo.addons.base.models.ir_autovacuum: Calling wizard.ir.model.menu.create()._transient_vacuum() 
2025-06-19 20:23:05,117 27220 DEBUG chienngu odoo.addons.base.models.ir_autovacuum: Calling reset.view.arch.wizard()._transient_vacuum() 
2025-06-19 20:23:05,117 27220 INFO chienngu odoo.addons.base.models.ir_cron: Job `Base: Portal Users Deletion` done. 
2025-06-19 20:23:05,117 27220 DEBUG chienngu odoo.addons.base.models.ir_cron: 0.026s (cron Base: Portal Users Deletion, server action 35 with uid 1) 
2025-06-19 20:23:05,125 27220 DEBUG chienngu odoo.addons.base.models.ir_autovacuum: Calling ir.attachment()._gc_file_store() 
2025-06-19 20:23:05,125 27220 DEBUG chienngu odoo.addons.base.models.ir_cron: job 2 updated and released 
2025-06-19 20:23:05,144 27220 DEBUG chienngu odoo.addons.base.models.ir_attachment: _file_gc unlinked c:\users\hp\appdata\local\odoo\filestore\chienngu\20/2069c22de87d2ceeeb50a792c0abd1a8d41c28f1 
2025-06-19 20:23:05,145 27220 DEBUG chienngu odoo.addons.base.models.ir_attachment: _file_gc unlinked c:\users\hp\appdata\local\odoo\filestore\chienngu\3b/3bd198fa75f888aee4b597ea519d7198de78a0cf 
2025-06-19 20:23:05,145 27220 DEBUG chienngu odoo.addons.base.models.ir_attachment: _file_gc unlinked c:\users\hp\appdata\local\odoo\filestore\chienngu\3d/3d33f56b251e66e2a3133c579e8b2ca2ac4b5d16 
2025-06-19 20:23:05,146 27220 DEBUG chienngu odoo.addons.base.models.ir_attachment: _file_gc unlinked c:\users\hp\appdata\local\odoo\filestore\chienngu\40/4017068378c2eaf826b6881c9101e0c91aeb67e2 
2025-06-19 20:23:05,148 27220 DEBUG chienngu odoo.addons.base.models.ir_attachment: _file_gc unlinked c:\users\hp\appdata\local\odoo\filestore\chienngu\4f/4f67a6da2a9b17ee67baa27979891dd45b9cb367 
2025-06-19 20:23:05,149 27220 DEBUG chienngu odoo.addons.base.models.ir_attachment: _file_gc unlinked c:\users\hp\appdata\local\odoo\filestore\chienngu\5e/5ee655dd4f02f3ac1e30fbc5d1d6d7b1a86d5a3f 
2025-06-19 20:23:05,149 27220 DEBUG chienngu odoo.addons.base.models.ir_attachment: _file_gc unlinked c:\users\hp\appdata\local\odoo\filestore\chienngu\63/6367cedde887450102771cb7346549964114c779 
2025-06-19 20:23:05,150 27220 DEBUG chienngu odoo.addons.base.models.ir_attachment: _file_gc unlinked c:\users\hp\appdata\local\odoo\filestore\chienngu\6a/6a34a86d107ad0fcc41eeaff2ba5bbfc3fd156f9 
2025-06-19 20:23:05,151 27220 DEBUG chienngu odoo.addons.base.models.ir_attachment: _file_gc unlinked c:\users\hp\appdata\local\odoo\filestore\chienngu\6b/6bc01544003d99f0babb59375e824346ae4f4d1e 
2025-06-19 20:23:05,152 27220 DEBUG chienngu odoo.addons.base.models.ir_attachment: _file_gc unlinked c:\users\hp\appdata\local\odoo\filestore\chienngu\6e/6ec8089cf94ce2b08ac745feafbbef259499e85d 
2025-06-19 20:23:05,152 27220 DEBUG chienngu odoo.addons.base.models.ir_attachment: _file_gc unlinked c:\users\hp\appdata\local\odoo\filestore\chienngu\97/972e1be0792362b54ce42fe32a8659d6eb596e3f 
2025-06-19 20:23:05,153 27220 DEBUG chienngu odoo.addons.base.models.ir_attachment: _file_gc unlinked c:\users\hp\appdata\local\odoo\filestore\chienngu\c7/c7e0924115070b9db8bb6181034667e0bd583168 
2025-06-19 20:23:05,154 27220 DEBUG chienngu odoo.addons.base.models.ir_attachment: _file_gc unlinked c:\users\hp\appdata\local\odoo\filestore\chienngu\e1/e1a668a4c63a002af04a468ae320ac5e0ec19bdf 
2025-06-19 20:23:05,155 27220 INFO chienngu odoo.addons.base.models.ir_attachment: filestore gc 22 checked, 13 removed 
2025-06-19 20:23:05,157 27220 DEBUG chienngu odoo.addons.base.models.ir_autovacuum: Calling ir.cron.trigger()._gc_cron_triggers() 
2025-06-19 20:23:05,175 27220 DEBUG chienngu odoo.addons.base.models.ir_autovacuum: Calling ir.http()._gc_sessions() 
2025-06-19 20:23:05,189 27220 DEBUG chienngu odoo.addons.base.models.ir_autovacuum: Calling ir.demo()._transient_vacuum() 
2025-06-19 20:23:05,191 27220 DEBUG chienngu odoo.addons.base.models.ir_autovacuum: Calling ir.demo_failure()._transient_vacuum() 
2025-06-19 20:23:05,193 27220 DEBUG chienngu odoo.addons.base.models.ir_autovacuum: Calling ir.demo_failure.wizard()._transient_vacuum() 
2025-06-19 20:23:05,196 27220 DEBUG chienngu odoo.addons.base.models.ir_autovacuum: Calling ir.profile()._gc_profile() 
2025-06-19 20:23:05,197 27220 DEBUG chienngu odoo.addons.base.models.ir_autovacuum: Calling base.enable.profiling.wizard()._transient_vacuum() 
2025-06-19 20:23:05,203 27220 DEBUG chienngu odoo.addons.base.models.ir_autovacuum: Calling res.config()._transient_vacuum() 
2025-06-19 20:23:05,209 27220 DEBUG chienngu odoo.addons.base.models.ir_autovacuum: Calling res.config.installer()._transient_vacuum() 
2025-06-19 20:23:05,212 27220 DEBUG chienngu odoo.addons.base.models.ir_autovacuum: Calling res.config.settings()._transient_vacuum() 
2025-06-19 20:23:05,228 27220 INFO chienngu odoo.models.unlink: User #1 deleted res.config.settings records with IDs: [3, 4, 5, 6, 7, 8, 9, 10, 11, 12, 13, 14, 15, 16, 17, 18, 19, 20, 21, 22] 
2025-06-19 20:23:05,232 27220 DEBUG chienngu odoo.addons.base.models.ir_autovacuum: Calling res.users.log()._gc_user_logs() 
2025-06-19 20:23:05,235 27220 INFO chienngu odoo.addons.base.models.res_users: GC'd 0 user log entries 
2025-06-19 20:23:05,236 27220 DEBUG chienngu odoo.addons.base.models.ir_autovacuum: Calling res.users.identitycheck()._transient_vacuum() 
2025-06-19 20:23:05,239 27220 DEBUG chienngu odoo.addons.base.models.ir_autovacuum: Calling change.password.wizard()._transient_vacuum() 
2025-06-19 20:23:05,241 27220 DEBUG chienngu odoo.addons.base.models.ir_autovacuum: Calling change.password.user()._transient_vacuum() 
2025-06-19 20:23:05,244 27220 DEBUG chienngu odoo.addons.base.models.ir_autovacuum: Calling change.password.own()._transient_vacuum() 
2025-06-19 20:23:05,247 27220 DEBUG chienngu odoo.addons.base.models.ir_autovacuum: Calling res.users.apikeys.description()._transient_vacuum() 
2025-06-19 20:23:05,251 27220 DEBUG chienngu odoo.addons.base.models.ir_autovacuum: Calling base.module.update()._transient_vacuum() 
2025-06-19 20:23:05,254 27220 DEBUG chienngu odoo.addons.base.models.ir_autovacuum: Calling base.language.install()._transient_vacuum() 
2025-06-19 20:23:05,256 27220 DEBUG chienngu odoo.addons.base.models.ir_autovacuum: Calling base.language.import()._transient_vacuum() 
2025-06-19 20:23:05,258 27220 DEBUG chienngu odoo.addons.base.models.ir_autovacuum: Calling base.module.upgrade()._transient_vacuum() 
2025-06-19 20:23:05,260 27220 DEBUG chienngu odoo.addons.base.models.ir_autovacuum: Calling base.module.uninstall()._transient_vacuum() 
2025-06-19 20:23:05,262 27220 DEBUG chienngu odoo.addons.base.models.ir_autovacuum: Calling base.language.export()._transient_vacuum() 
2025-06-19 20:23:05,264 27220 DEBUG chienngu odoo.addons.base.models.ir_autovacuum: Calling base.partner.merge.line()._transient_vacuum() 
2025-06-19 20:23:05,266 27220 DEBUG chienngu odoo.addons.base.models.ir_autovacuum: Calling base.partner.merge.automatic.wizard()._transient_vacuum() 
2025-06-19 20:23:05,268 27220 DEBUG chienngu odoo.addons.base.models.ir_autovacuum: Calling base.document.layout()._transient_vacuum() 
2025-06-19 20:23:05,270 27220 DEBUG chienngu odoo.addons.base.models.ir_autovacuum: Calling auth_totp.device()._gc_device() 
2025-06-19 20:23:05,272 27220 INFO chienngu odoo.addons.auth_totp.models.auth_totp: GC'd 0 totp devices entries 
2025-06-19 20:23:05,273 27220 DEBUG chienngu odoo.addons.base.models.ir_autovacuum: Calling auth_totp.wizard()._transient_vacuum() 
2025-06-19 20:23:05,275 27220 DEBUG chienngu odoo.addons.base.models.ir_autovacuum: Calling base_import.import()._transient_vacuum() 
2025-06-19 20:23:05,277 27220 DEBUG chienngu odoo.addons.base.models.ir_autovacuum: Calling base.import.module()._transient_vacuum() 
2025-06-19 20:23:05,279 27220 DEBUG chienngu odoo.addons.base.models.ir_autovacuum: Calling bus.bus()._gc_messages() 
2025-06-19 20:23:05,284 27220 INFO chienngu odoo.models.unlink: User #1 deleted bus.bus records with IDs: [11, 12, 13, 14, 15, 16, 17, 18, 19, 20, 21, 22, 23, 24] 
2025-06-19 20:23:05,285 27220 DEBUG chienngu odoo.addons.base.models.ir_autovacuum: Calling bus.presence()._gc_bus_presence() 
2025-06-19 20:23:05,297 27220 DEBUG chienngu odoo.addons.base.models.ir_autovacuum: Calling production.finance.wizard()._transient_vacuum() 
2025-06-19 20:23:05,301 27220 DEBUG chienngu odoo.addons.base.models.ir_autovacuum: Calling iap.account.info()._transient_vacuum() 
2025-06-19 20:23:05,303 27220 INFO chienngu odoo.addons.base.models.ir_cron: Job `Base: Auto-vacuum internal data` done. 
2025-06-19 20:23:05,303 27220 DEBUG chienngu odoo.addons.base.models.ir_cron: 0.214s (cron Base: Auto-vacuum internal data, server action 34 with uid 1) 
2025-06-19 20:23:05,305 27220 DEBUG chienngu odoo.addons.base.models.ir_cron: job 1 updated and released 
2025-06-19 20:23:05,306 27220 DEBUG chienngu odoo.addons.base.models.ir_cron: another worker is processing job 2, skip 
2025-06-20 01:13:03,778 27220 DEBUG ? odoo.service.server: cron1 polling for jobs 
2025-06-20 01:13:03,783 27220 DEBUG ? odoo.service.server: cron0 polling for jobs 
2025-06-20 01:13:08,435 27220 INFO chienngu werkzeug: 127.0.0.1 - - [20/Jun/2025 01:13:08] "GET /websocket HTTP/1.1" 101 - 1 0.002 0.029
2025-06-20 01:14:04,522 27220 DEBUG ? odoo.service.server: cron0 polling for jobs 
2025-06-20 01:14:05,539 27220 DEBUG ? odoo.service.server: cron1 polling for jobs 
2025-06-20 01:15:04,538 27220 DEBUG ? odoo.service.server: cron0 polling for jobs 
2025-06-20 01:15:06,554 27220 DEBUG ? odoo.service.server: cron1 polling for jobs 
2025-06-20 01:16:04,544 27220 DEBUG ? odoo.service.server: cron0 polling for jobs 
2025-06-20 01:16:07,578 27220 DEBUG ? odoo.service.server: cron1 polling for jobs 
2025-06-20 01:17:04,552 27220 DEBUG ? odoo.service.server: cron0 polling for jobs 
2025-06-20 01:17:08,605 27220 DEBUG ? odoo.service.server: cron1 polling for jobs 
2025-06-20 01:18:04,555 27220 DEBUG ? odoo.service.server: cron0 polling for jobs 
2025-06-20 01:18:09,625 27220 DEBUG ? odoo.service.server: cron1 polling for jobs 
2025-06-20 01:19:04,561 27220 DEBUG ? odoo.service.server: cron0 polling for jobs 
2025-06-20 01:19:10,648 27220 DEBUG ? odoo.service.server: cron1 polling for jobs 
2025-06-20 01:20:04,569 27220 DEBUG ? odoo.service.server: cron0 polling for jobs 
2025-06-20 01:20:11,674 27220 DEBUG ? odoo.service.server: cron1 polling for jobs 
2025-06-20 01:21:04,584 27220 DEBUG ? odoo.service.server: cron0 polling for jobs 
2025-06-20 01:21:12,699 27220 DEBUG ? odoo.service.server: cron1 polling for jobs 
2025-06-20 01:22:04,589 27220 DEBUG ? odoo.service.server: cron0 polling for jobs 
2025-06-20 01:22:13,719 27220 DEBUG ? odoo.service.server: cron1 polling for jobs 
2025-06-20 01:23:04,594 27220 DEBUG ? odoo.service.server: cron0 polling for jobs 
2025-06-20 01:23:14,735 27220 DEBUG ? odoo.service.server: cron1 polling for jobs 
2025-06-20 01:24:04,605 27220 DEBUG ? odoo.service.server: cron0 polling for jobs 
2025-06-20 01:24:15,759 27220 DEBUG ? odoo.service.server: cron1 polling for jobs 
2025-06-20 01:24:40,161 27220 INFO thanhdz odoo.service.server: Initiating shutdown 
2025-06-20 01:24:40,161 27220 INFO thanhdz odoo.service.server: Hit CTRL-C again or send a second signal to force the shutdown. 
2025-06-20 01:24:40,337 27220 DEBUG thanhdz odoo.service.server: on_close call <bound method Event.set of <threading.Event at 0x2c966eac4d0: unset>> 
2025-06-20 01:24:40,338 27220 DEBUG thanhdz odoo.service.server: on_close call <bound method Websocket._kick_all of <class 'odoo.addons.bus.websocket.Websocket'>> 
2025-06-20 01:24:40,339 27220 DEBUG thanhdz odoo.service.server: current thread: <_MainThread(MainThread, started 33616)> 
2025-06-20 01:24:40,339 27220 DEBUG thanhdz odoo.service.server: process <_MainThread(MainThread, started 33616)> (False) 
2025-06-20 01:24:40,339 27220 DEBUG thanhdz odoo.service.server: process <Thread(odoo.service.cron.cron0, started daemon 28072)> (True) 
2025-06-20 01:24:40,339 27220 DEBUG thanhdz odoo.service.server: process <Thread(odoo.service.cron.cron1, started daemon 30580)> (True) 
2025-06-20 01:24:40,339 27220 DEBUG thanhdz odoo.service.server: process <ImDispatch(odoo.addons.bus.models.bus.Bus, started daemon 12136)> (True) 
2025-06-20 01:24:40,339 27220 DEBUG thanhdz odoo.service.server: process <Thread(odoo.service.http.request.26160, started 26160)> (False) 
2025-06-20 01:24:40,339 27220 DEBUG thanhdz odoo.service.server: join and sleep 
2025-06-20 01:24:40,391 27220 INFO thanhdz odoo.sql_db: ConnectionPool(used=0/count=0/max=64): Closed 4 connections  
2025-06-20 01:24:40,391 27220 DEBUG thanhdz odoo.service.server: -- 
